============================================================
Scaling Test Worker (Fixed)
============================================================
Job ID:         13193697
Nodes:          5
Mode:           multi
Config:         /p/project1/cameo/schmidt36/chemtrain-deploy/external/chemtrain/clean_code_base/scripts/config_scaling_test.yaml
Output dir:     /p/project1/cameo/schmidt36/chemtrain-deploy/external/chemtrain/clean_code_base/scaling_results/run_20260202_230402
============================================================
SCRIPT_DIR: /var/spool/parastation/jobs
CLEAN_CODE_BASE_DIR: /var/spool/parastation
TRAIN_SCRIPT: /var/spool/parastation/jobs/train_scaling_fixed.py

============================================================
Multi-node scaling test: 5 nodes, 20 devices
============================================================
  Running training on 5 nodes...
/p/project1/cameo/schmidt36/clean_booster_env/bin/python3: can't open file '/var/spool/parastation/jobs/train_scaling_fixed.py': [Errno 2] No such file or directory
/p/project1/cameo/schmidt36/clean_booster_env/bin/python3: can't open file '/var/spool/parastation/jobs/train_scaling_fixed.py': [Errno 2] No such file or directory
/p/project1/cameo/schmidt36/clean_booster_env/bin/python3: can't open file '/var/spool/parastation/jobs/train_scaling_fixed.py': [Errno 2] No such file or directory
srun: error: jwb0357: task 1: Exited with exit code 2
srun: error: jwb0665: task 4: Exited with exit code 2
srun: error: jwb0613: task 3: Terminated
srun: error: jwb0447: task 2: Terminated
srun: error: jwb0090: task 0: Exited with exit code 2
srun: Force Terminated StepId=13193697.0
  Total time: 1.243610581s
  Throughput: 21710.97 samples/s

============================================================
Scaling test complete
Results saved to: /p/project1/cameo/schmidt36/chemtrain-deploy/external/chemtrain/clean_code_base/scaling_results/run_20260202_230402/timing_job_13193697.csv
============================================================
