============================================================
Scaling Test Worker (Fixed)
============================================================
Job ID:         13193698
Nodes:          6
Mode:           multi
Config:         /p/project1/cameo/schmidt36/chemtrain-deploy/external/chemtrain/clean_code_base/scripts/config_scaling_test.yaml
Output dir:     /p/project1/cameo/schmidt36/chemtrain-deploy/external/chemtrain/clean_code_base/scaling_results/run_20260202_230402
============================================================
SCRIPT_DIR: /var/spool/parastation/jobs
CLEAN_CODE_BASE_DIR: /var/spool/parastation
TRAIN_SCRIPT: /var/spool/parastation/jobs/train_scaling_fixed.py

============================================================
Multi-node scaling test: 6 nodes, 24 devices
============================================================
  Running training on 6 nodes...
/p/project1/cameo/schmidt36/clean_booster_env/bin/python3: can't open file '/var/spool/parastation/jobs/train_scaling_fixed.py': [Errno 2] No such file or directory
/p/project1/cameo/schmidt36/clean_booster_env/bin/python3: can't open file '/var/spool/parastation/jobs/train_scaling_fixed.py': [Errno 2] No such file or directory
srun: error: jwb0344: task 1: Exited with exit code 2
srun: error: jwb1132: task 5: Terminated
srun: error: jwb1082: task 4: Terminated
srun: error: jwb0380: task 2: Terminated
srun: error: jwb0777: task 3: Terminated
srun: error: jwb0221: task 0: Exited with exit code 2
srun: Force Terminated StepId=13193698.0
  Total time: 1.473590054s
  Throughput: 18322.59 samples/s

============================================================
Scaling test complete
Results saved to: /p/project1/cameo/schmidt36/chemtrain-deploy/external/chemtrain/clean_code_base/scaling_results/run_20260202_230402/timing_job_13193698.csv
============================================================
