============================================================
Scaling Test Worker
============================================================
Job ID:         13191137
Nodes:          3
Start devices:  9
End devices:    12
Config:         /p/project1/cameo/schmidt36/chemtrain-deploy/external/chemtrain/clean_code_base/scripts/config_scaling_test.yaml
Output dir:     /p/project1/cameo/schmidt36/chemtrain-deploy/external/chemtrain/clean_code_base/scaling_results/run_20260202_150203
============================================================

============================================================
Starting scaling tests from 9 to 12 devices
============================================================

------------------------------------------------------------
Testing with 9 device(s)...
------------------------------------------------------------
  Nodes needed:     3
  Device pattern:   split:2x4+1
  Running training...
2026-02-02 16:30:38.017422: E external/xla/xla/status_macros.cc:56] INTERNAL: RET_CHECK failure (external/xla/xla/pjrt/pjrt_stream_executor_client.cc:3497) device_count() % addressable_device_count() == 0 Each process is expected to have the same number of devices
*** Begin stack trace ***
	
	
	
	
	
	
	
	
	
	
	
	
	
	
	
	
	PyObject_Vectorcall
	
	PyObject_Vectorcall
	
	
	
	
	
	_PyObject_FastCallDictTstate
	_PyObject_Call_Prepend
	
	_PyObject_MakeTpCall
	
	PyObject_Vectorcall
	
	
	
	
	
	
	PyObject_Vectorcall
	
	
	
	
	
	
	
	_PyObject_FastCallDictTstate
	_PyObject_Call_Prepend
	
	_PyObject_MakeTpCall
	
	PyEval_EvalCode
	
	
	
	
	PyObject_CallMethodObjArgs
	PyImport_ImportModuleLevelObject
	
	
	
	
	PyObject_CallMethodObjArgs
	PyImport_ImportModuleLevelObject
	
	PyEval_EvalCode
	
	
	
	
	PyObject_CallMethodObjArgs
	PyImport_ImportModuleLevelObject
	
	
	
	
	PyObject_CallMethodObjArgs
	PyImport_ImportModuleLevelObject
	
	PyEval_EvalCode
	
	
	
	
	PyObject_CallMethodObjArgs
	PyImport_ImportModuleLevelObject
	
	PyEval_EvalCode
	
	
	
	
	PyObject_CallMethodObjArgs
	PyImport_ImportModuleLevelObject
	
	
	
	
	PyObject_CallMethodObjArgs
	PyImport_ImportModuleLevelObject
	
	
	
	
	PyObject_CallMethodObjArgs
	PyImport_ImportModuleLevelObject
	
	PyEval_EvalCode
	
	
	
	_PyRun_SimpleFileObject
	_PyRun_AnyFileObject
	Py_RunMain
	Py_BytesMain
	
	__libc_start_main
	_start
*** End stack trace ***

[Scaling] Node 0/3: local_device_ids = [0, 1, 2, 3]
[Scaling] Node 0: CUDA_VISIBLE_DEVICES = 0,1,2,3
[Scaling] Coordinator: jwb0538.juwels:29537
[Scaling] Actual processes: 3
[Rank 0/3] JAX distributed initialized
[Rank 0] Local GPUs: 4, Total GPUs: 9
[Rank 0] Local devices: [CudaDevice(id=0), CudaDevice(id=1), CudaDevice(id=2), CudaDevice(id=3)]
[Rank 0] All devices: [CudaDevice(id=0), CudaDevice(id=1), CudaDevice(id=2), CudaDevice(id=3), CudaDevice(id=4), CudaDevice(id=5), CudaDevice(id=6), CudaDevice(id=7), CudaDevice(id=8)]
Traceback (most recent call last):
  File "/p/project1/cameo/schmidt36/chemtrain-deploy/external/chemtrain/clean_code_base/scripts/train_scaling.py", line 193, in <module>
    from chemtrain.data.data_loaders import DataLoaders
  File "/p/project1/cameo/schmidt36/chemtrain-deploy/external/chemtrain/chemtrain/__init__.py", line 16, in <module>
    import jax_md_mod
  File "/p/project1/cameo/schmidt36/chemtrain-deploy/external/chemtrain/jax_md_mod/__init__.py", line 55, in <module>
    import jax_md.partition
  File "/p/project1/cameo/schmidt36/clean_booster_env/lib/python3.12/site-packages/jax_md/__init__.py", line 27, in <module>
    from jax_md import rigid_body
  File "/p/project1/cameo/schmidt36/clean_booster_env/lib/python3.12/site-packages/jax_md/rigid_body.py", line 1009, in <module>
    monomer = point_union_shape(onp.array([[0.0, 0.0]], f32), f32(1.0))
                                                              ^^^^^^^^
  File "/p/software/default/stages/2025/software/jax/0.4.34-gpsfbf-2024a-CUDA-12/lib/python3.12/site-packages/jax/_src/numpy/lax_numpy.py", line 183, in __call__
    return asarray(x, dtype=self.dtype)
           ^^^^^^^^^^^^^^^^^^^^^^^^^^^^
  File "/p/software/default/stages/2025/software/jax/0.4.34-gpsfbf-2024a-CUDA-12/lib/python3.12/site-packages/jax/_src/numpy/lax_numpy.py", line 5191, in asarray
    return array(a, dtype=dtype, copy=bool(copy), order=order, device=device)
           ^^^^^^^^^^^^^^^^^^^^^^^^^^^^^^^^^^^^^^^^^^^^^^^^^^^^^^^^^^^^^^^^^^
  File "/p/software/default/stages/2025/software/jax/0.4.34-gpsfbf-2024a-CUDA-12/lib/python3.12/site-packages/jax/_src/numpy/lax_numpy.py", line 5025, in array
    out_array: Array = lax_internal._convert_element_type(
                       ^^^^^^^^^^^^^^^^^^^^^^^^^^^^^^^^^^^
  File "/p/software/default/stages/2025/software/jax/0.4.34-gpsfbf-2024a-CUDA-12/lib/python3.12/site-packages/jax/_src/lax/lax.py", line 585, in _convert_element_type
    return convert_element_type_p.bind(
           ^^^^^^^^^^^^^^^^^^^^^^^^^^^^
  File "/p/software/default/stages/2025/software/jax/0.4.34-gpsfbf-2024a-CUDA-12/lib/python3.12/site-packages/jax/_src/lax/lax.py", line 2865, in _convert_element_type_bind
    operand = core.Primitive.bind(convert_element_type_p, operand,
              ^^^^^^^^^^^^^^^^^^^^^^^^^^^^^^^^^^^^^^^^^^^^^^^^^^^^
  File "/p/software/default/stages/2025/software/jax/0.4.34-gpsfbf-2024a-CUDA-12/lib/python3.12/site-packages/jax/_src/core.py", line 438, in bind
    return self.bind_with_trace(find_top_trace(args), args, params)
           ^^^^^^^^^^^^^^^^^^^^^^^^^^^^^^^^^^^^^^^^^^^^^^^^^^^^^^^^
  File "/p/software/default/stages/2025/software/jax/0.4.34-gpsfbf-2024a-CUDA-12/lib/python3.12/site-packages/jax/_src/core.py", line 442, in bind_with_trace
    out = trace.process_primitive(self, map(trace.full_raise, args), params)
          ^^^^^^^^^^^^^^^^^^^^^^^^^^^^^^^^^^^^^^^^^^^^^^^^^^^^^^^^^^^^^^^^^^
  File "/p/software/default/stages/2025/software/jax/0.4.34-gpsfbf-2024a-CUDA-12/lib/python3.12/site-packages/jax/_src/core.py", line 948, in process_primitive
    return primitive.impl(*tracers, **params)
           ^^^^^^^^^^^^^^^^^^^^^^^^^^^^^^^^^^
  File "/p/software/default/stages/2025/software/jax/0.4.34-gpsfbf-2024a-CUDA-12/lib/python3.12/site-packages/jax/_src/dispatch.py", line 90, in apply_primitive
    outs = fun(*args)
           ^^^^^^^^^^
jaxlib.xla_extension.XlaRuntimeError: INTERNAL: RET_CHECK failure (external/xla/xla/pjrt/pjrt_stream_executor_client.cc:3497) device_count() % addressable_device_count() == 0 Each process is expected to have the same number of devices
--------------------
For simplicity, JAX has removed its internal frames from the traceback of the following exception. Set JAX_TRACEBACK_FILTERING=off to include these.
2026-02-02 16:30:38.237663: E external/xla/xla/status_macros.cc:56] INTERNAL: RET_CHECK failure (external/xla/xla/pjrt/pjrt_stream_executor_client.cc:3497) device_count() % addressable_device_count() == 0 Each process is expected to have the same number of devices
*** Begin stack trace ***
	
	
	
	
	
	
	
	
	
	
	
	
	
	
	
	
	PyObject_Vectorcall
	
	PyObject_Vectorcall
	
	
	
	
	
	_PyObject_FastCallDictTstate
	_PyObject_Call_Prepend
	
	_PyObject_MakeTpCall
	
	PyObject_Vectorcall
	
	
	
	
	
	
	PyObject_Vectorcall
	
	
	
	
	
	
	
	_PyObject_FastCallDictTstate
	_PyObject_Call_Prepend
	
	_PyObject_MakeTpCall
	
	PyEval_EvalCode
	
	
	
	
	PyObject_CallMethodObjArgs
	PyImport_ImportModuleLevelObject
	
	
	
	
	PyObject_CallMethodObjArgs
	PyImport_ImportModuleLevelObject
	
	PyEval_EvalCode
	
	
	
	
	PyObject_CallMethodObjArgs
	PyImport_ImportModuleLevelObject
	
	
	
	
	PyObject_CallMethodObjArgs
	PyImport_ImportModuleLevelObject
	
	PyEval_EvalCode
	
	
	
	
	PyObject_CallMethodObjArgs
	PyImport_ImportModuleLevelObject
	
	PyEval_EvalCode
	
	
	
	
	PyObject_CallMethodObjArgs
	PyImport_ImportModuleLevelObject
	
	
	
	
	PyObject_CallMethodObjArgs
	PyImport_ImportModuleLevelObject
	
	
	
	
	PyObject_CallMethodObjArgs
	PyImport_ImportModuleLevelObject
	
	PyEval_EvalCode
	
	
	
	_PyRun_SimpleFileObject
	_PyRun_AnyFileObject
	Py_RunMain
	Py_BytesMain
	
	__libc_start_main
	_start
*** End stack trace ***

[Scaling] Node 1/3: local_device_ids = [0, 1, 2, 3]
[Scaling] Node 1: CUDA_VISIBLE_DEVICES = 0,1,2,3
[Scaling] Coordinator: jwb0538.juwels:29537
[Scaling] Actual processes: 3
[Rank 1/3] JAX distributed initialized
[Rank 1] Local GPUs: 4, Total GPUs: 9
[Rank 1] Local devices: [CudaDevice(id=4), CudaDevice(id=5), CudaDevice(id=6), CudaDevice(id=7)]
[Rank 1] All devices: [CudaDevice(id=0), CudaDevice(id=1), CudaDevice(id=2), CudaDevice(id=3), CudaDevice(id=4), CudaDevice(id=5), CudaDevice(id=6), CudaDevice(id=7), CudaDevice(id=8)]
Traceback (most recent call last):
  File "/p/project1/cameo/schmidt36/chemtrain-deploy/external/chemtrain/clean_code_base/scripts/train_scaling.py", line 193, in <module>
    from chemtrain.data.data_loaders import DataLoaders
  File "/p/project1/cameo/schmidt36/chemtrain-deploy/external/chemtrain/chemtrain/__init__.py", line 16, in <module>
    import jax_md_mod
  File "/p/project1/cameo/schmidt36/chemtrain-deploy/external/chemtrain/jax_md_mod/__init__.py", line 55, in <module>
    import jax_md.partition
  File "/p/project1/cameo/schmidt36/clean_booster_env/lib/python3.12/site-packages/jax_md/__init__.py", line 27, in <module>
    from jax_md import rigid_body
  File "/p/project1/cameo/schmidt36/clean_booster_env/lib/python3.12/site-packages/jax_md/rigid_body.py", line 1009, in <module>
    monomer = point_union_shape(onp.array([[0.0, 0.0]], f32), f32(1.0))
                                                              ^^^^^^^^
  File "/p/software/default/stages/2025/software/jax/0.4.34-gpsfbf-2024a-CUDA-12/lib/python3.12/site-packages/jax/_src/numpy/lax_numpy.py", line 183, in __call__
    return asarray(x, dtype=self.dtype)
           ^^^^^^^^^^^^^^^^^^^^^^^^^^^^
  File "/p/software/default/stages/2025/software/jax/0.4.34-gpsfbf-2024a-CUDA-12/lib/python3.12/site-packages/jax/_src/numpy/lax_numpy.py", line 5191, in asarray
    return array(a, dtype=dtype, copy=bool(copy), order=order, device=device)
           ^^^^^^^^^^^^^^^^^^^^^^^^^^^^^^^^^^^^^^^^^^^^^^^^^^^^^^^^^^^^^^^^^^
  File "/p/software/default/stages/2025/software/jax/0.4.34-gpsfbf-2024a-CUDA-12/lib/python3.12/site-packages/jax/_src/numpy/lax_numpy.py", line 5025, in array
    out_array: Array = lax_internal._convert_element_type(
                       ^^^^^^^^^^^^^^^^^^^^^^^^^^^^^^^^^^^
  File "/p/software/default/stages/2025/software/jax/0.4.34-gpsfbf-2024a-CUDA-12/lib/python3.12/site-packages/jax/_src/lax/lax.py", line 585, in _convert_element_type
    return convert_element_type_p.bind(
           ^^^^^^^^^^^^^^^^^^^^^^^^^^^^
  File "/p/software/default/stages/2025/software/jax/0.4.34-gpsfbf-2024a-CUDA-12/lib/python3.12/site-packages/jax/_src/lax/lax.py", line 2865, in _convert_element_type_bind
    operand = core.Primitive.bind(convert_element_type_p, operand,
              ^^^^^^^^^^^^^^^^^^^^^^^^^^^^^^^^^^^^^^^^^^^^^^^^^^^^
  File "/p/software/default/stages/2025/software/jax/0.4.34-gpsfbf-2024a-CUDA-12/lib/python3.12/site-packages/jax/_src/core.py", line 438, in bind
    return self.bind_with_trace(find_top_trace(args), args, params)
           ^^^^^^^^^^^^^^^^^^^^^^^^^^^^^^^^^^^^^^^^^^^^^^^^^^^^^^^^
  File "/p/software/default/stages/2025/software/jax/0.4.34-gpsfbf-2024a-CUDA-12/lib/python3.12/site-packages/jax/_src/core.py", line 442, in bind_with_trace
    out = trace.process_primitive(self, map(trace.full_raise, args), params)
          ^^^^^^^^^^^^^^^^^^^^^^^^^^^^^^^^^^^^^^^^^^^^^^^^^^^^^^^^^^^^^^^^^^
  File "/p/software/default/stages/2025/software/jax/0.4.34-gpsfbf-2024a-CUDA-12/lib/python3.12/site-packages/jax/_src/core.py", line 948, in process_primitive
    return primitive.impl(*tracers, **params)
           ^^^^^^^^^^^^^^^^^^^^^^^^^^^^^^^^^^
  File "/p/software/default/stages/2025/software/jax/0.4.34-gpsfbf-2024a-CUDA-12/lib/python3.12/site-packages/jax/_src/dispatch.py", line 90, in apply_primitive
    outs = fun(*args)
           ^^^^^^^^^^
jaxlib.xla_extension.XlaRuntimeError: INTERNAL: RET_CHECK failure (external/xla/xla/pjrt/pjrt_stream_executor_client.cc:3497) device_count() % addressable_device_count() == 0 Each process is expected to have the same number of devices
--------------------
For simplicity, JAX has removed its internal frames from the traceback of the following exception. Set JAX_TRACEBACK_FILTERING=off to include these.
[Model] Using Allegro size: default
[Model] Detected 18 unique species
[Model] Using Allegro config size: default
[Model] Mode: Prior + Allegro
[Model] Prior weights: {'bond': 0.5, 'angle': 0.25, 'dihedral': 0.25, 'repulsive': 1.0}
/p/software/default/stages/2025/software/jax/0.4.34-gpsfbf-2024a-CUDA-12/lib/python3.12/site-packages/jax/_src/ops/scatter.py:92: FutureWarning: scatter inputs have incompatible types: cannot safely cast value from dtype=float32 to dtype=int32 with jax_numpy_dtype_promotion='standard'. In future JAX releases this will result in an error.
  warnings.warn(
/p/software/default/stages/2025/software/jax/0.4.34-gpsfbf-2024a-CUDA-12/lib/python3.12/site-packages/jax/_src/ops/scatter.py:92: FutureWarning: scatter inputs have incompatible types: cannot safely cast value from dtype=float32 to dtype=int32 with jax_numpy_dtype_promotion='standard'. In future JAX releases this will result in an error.
  warnings.warn(
/p/software/default/stages/2025/software/jax/0.4.34-gpsfbf-2024a-CUDA-12/lib/python3.12/site-packages/jax/_src/ops/scatter.py:92: FutureWarning: scatter inputs have incompatible types: cannot safely cast value from dtype=float32 to dtype=int32 with jax_numpy_dtype_promotion='standard'. In future JAX releases this will result in an error.
  warnings.warn(
/p/software/default/stages/2025/software/jax/0.4.34-gpsfbf-2024a-CUDA-12/lib/python3.12/site-packages/jax/_src/numpy/lax_numpy.py:183: UserWarning: Explicitly requested dtype float64 requested in asarray is not available, and will be truncated to dtype float32. To enable more dtypes, set the jax_enable_x64 configuration option or the JAX_ENABLE_X64 shell environment variable. See https://github.com/jax-ml/jax#current-gotchas for more.
  return asarray(x, dtype=self.dtype)
/p/software/default/stages/2025/software/jax/0.4.34-gpsfbf-2024a-CUDA-12/lib/python3.12/site-packages/jax/_src/numpy/reductions.py:213: UserWarning: Explicitly requested dtype <class 'jax.numpy.float64'> requested in sum is not available, and will be truncated to dtype float32. To enable more dtypes, set the jax_enable_x64 configuration option or the JAX_ENABLE_X64 shell environment variable. See https://github.com/jax-ml/jax#current-gotchas for more.
  return _reduction(a, "sum", np.sum, lax.add, 0, preproc=_cast_to_numeric,
[Training] Initialized model with seed=193749
[Training] Applied NumpyDataLoader patch
[Training] 
============================================================
[Training] Training Stage: ADABELIEF (3 epochs, starting from 0)
[Training] ============================================================
/p/project1/cameo/schmidt36/chemtrain-deploy/external/chemtrain/chemtrain/trainers/base.py:957: UserWarning: Batch size 144 does not divide the number of observations 2250. Trainer will skip 90 samples for state training
  warnings.warn(
/p/project1/cameo/schmidt36/chemtrain-deploy/external/chemtrain/chemtrain/trainers/base.py:957: UserWarning: Batch size 144 does not divide the number of observations 250. Trainer will skip 106 samples for state validation
  warnings.warn(
[Scaling] Node 2/3: local_device_ids = [0]
[Scaling] Node 2: CUDA_VISIBLE_DEVICES = 0
[Scaling] Coordinator: jwb0538.juwels:29537
[Scaling] Actual processes: 3
[Rank 2/3] JAX distributed initialized
[Rank 2] Local GPUs: 1, Total GPUs: 9
[Rank 2] Local devices: [CudaDevice(id=8)]
[Rank 2] All devices: [CudaDevice(id=0), CudaDevice(id=1), CudaDevice(id=2), CudaDevice(id=3), CudaDevice(id=4), CudaDevice(id=5), CudaDevice(id=6), CudaDevice(id=7), CudaDevice(id=8)]
============================================================
SCALING TEST
============================================================
Devices: 9
Distributed: True
Rank: 2/3
Local devices: 1
Global devices: 9
============================================================
Capping edges and triplets. Beware of overflow, which is currently not being detected.
Estimated max. 900 edges.
[Allegro] Use two atom species for oxygen and hydroge.
[Allegro] Use default mask
Use a custom scatter implementation
Out irreps 300x0e+556x1o+256x1e+556x2e+384x2o+512x3o+256x3e
Irreps after layer are 128x1o+128x1e+128x2e+128x2o+128x3o+128x3e
Use a custom scatter implementation
Out irreps 256x0e+768x1o+896x2e
Irreps after layer are 128x1o+128x2e
Use a custom scatter implementation
Out irreps 256x0e
Irreps after layer are Irreps()

============================================================
TRAINING WITH TIMING
============================================================
Traceback (most recent call last):
  File "/p/project1/cameo/schmidt36/chemtrain-deploy/external/chemtrain/clean_code_base/scripts/train_scaling.py", line 380, in <module>
    main()
  File "/p/project1/cameo/schmidt36/chemtrain-deploy/external/chemtrain/clean_code_base/scripts/train_scaling.py", line 360, in main
    results = trainer.train_full_pipeline()
              ^^^^^^^^^^^^^^^^^^^^^^^^^^^^^
  File "/p/project1/cameo/schmidt36/chemtrain-deploy/external/chemtrain/clean_code_base/training/trainer.py", line 618, in train_full_pipeline
    results["stage1"] = self.train_stage(
                        ^^^^^^^^^^^^^^^^^
  File "/p/project1/cameo/schmidt36/chemtrain-deploy/external/chemtrain/clean_code_base/training/trainer.py", line 234, in train_stage
    trainer.train(remaining_epochs, checkpoint_freq=checkpoint_freq if checkpoint_freq > 0 else None)
  File "/p/project1/cameo/schmidt36/chemtrain-deploy/external/chemtrain/chemtrain/trainers/base.py", line 474, in train
    self._update(batch)
  File "/p/project1/cameo/schmidt36/chemtrain-deploy/external/chemtrain/chemtrain/trainers/base.py", line 1015, in _update
    params, opt_state, train_loss, curr_grad, per_target_losses = self._update_fn(
                                                                  ^^^^^^^^^^^^^^^^
  File "/p/project1/cameo/schmidt36/chemtrain-deploy/external/chemtrain/chemtrain/learn/max_likelihood.py", line 172, in update_fn
    params = device_put(params, replicate)
             ^^^^^^^^^^^^^^^^^^^^^^^^^^^^^
  File "/p/software/default/stages/2025/software/jax/0.4.34-gpsfbf-2024a-CUDA-12/lib/python3.12/site-packages/jax/_src/api.py", line 2291, in device_put
    out_flat = dispatch.device_put_p.bind(
               ^^^^^^^^^^^^^^^^^^^^^^^^^^^
  File "/p/software/default/stages/2025/software/jax/0.4.34-gpsfbf-2024a-CUDA-12/lib/python3.12/site-packages/jax/_src/core.py", line 438, in bind
    return self.bind_with_trace(find_top_trace(args), args, params)
           ^^^^^^^^^^^^^^^^^^^^^^^^^^^^^^^^^^^^^^^^^^^^^^^^^^^^^^^^
  File "/p/software/default/stages/2025/software/jax/0.4.34-gpsfbf-2024a-CUDA-12/lib/python3.12/site-packages/jax/_src/core.py", line 442, in bind_with_trace
    out = trace.process_primitive(self, map(trace.full_raise, args), params)
          ^^^^^^^^^^^^^^^^^^^^^^^^^^^^^^^^^^^^^^^^^^^^^^^^^^^^^^^^^^^^^^^^^^
  File "/p/software/default/stages/2025/software/jax/0.4.34-gpsfbf-2024a-CUDA-12/lib/python3.12/site-packages/jax/_src/core.py", line 948, in process_primitive
    return primitive.impl(*tracers, **params)
           ^^^^^^^^^^^^^^^^^^^^^^^^^^^^^^^^^^
  File "/p/software/default/stages/2025/software/jax/0.4.34-gpsfbf-2024a-CUDA-12/lib/python3.12/site-packages/jax/_src/dispatch.py", line 518, in _batched_device_put_impl
    y = _device_put_impl(x, device=device, src=src, copy=cp)
        ^^^^^^^^^^^^^^^^^^^^^^^^^^^^^^^^^^^^^^^^^^^^^^^^^^^^
  File "/p/software/default/stages/2025/software/jax/0.4.34-gpsfbf-2024a-CUDA-12/lib/python3.12/site-packages/jax/_src/dispatch.py", line 507, in _device_put_impl
    return _device_put_sharding_impl(x, aval, device, copy)
           ^^^^^^^^^^^^^^^^^^^^^^^^^^^^^^^^^^^^^^^^^^^^^^^^
  File "/p/software/default/stages/2025/software/jax/0.4.34-gpsfbf-2024a-CUDA-12/lib/python3.12/site-packages/jax/_src/dispatch.py", line 438, in _device_put_sharding_impl
    multihost_utils.assert_equal(
  File "/p/software/default/stages/2025/software/jax/0.4.34-gpsfbf-2024a-CUDA-12/lib/python3.12/site-packages/jax/experimental/multihost_utils.py", line 158, in assert_equal
    expected = broadcast_one_to_all(in_tree)
               ^^^^^^^^^^^^^^^^^^^^^^^^^^^^^
  File "/p/software/default/stages/2025/software/jax/0.4.34-gpsfbf-2024a-CUDA-12/lib/python3.12/site-packages/jax/experimental/multihost_utils.py", line 66, in broadcast_one_to_all
    jax.devices()).reshape(jax.process_count(), jax.local_device_count())
                   ^^^^^^^^^^^^^^^^^^^^^^^^^^^^^^^^^^^^^^^^^^^^^^^^^^^^^^
ValueError: cannot reshape array of size 9 into shape (3,1)
srun: error: jwb0540: task 2: Exited with exit code 1
srun: error: jwb0539: task 1: Exited with exit code 1
srun: error: jwb0538: task 0: Exited with exit code 1
  Total time: 54.101768310s
  Throughput: 124.76 samples/s
  Done with 9 devices

------------------------------------------------------------
Testing with 10 device(s)...
------------------------------------------------------------
  Nodes needed:     3
  Device pattern:   split:2x4+2
  Running training...
2026-02-02 16:31:18.164392: E external/xla/xla/status_macros.cc:56] INTERNAL: RET_CHECK failure (external/xla/xla/pjrt/pjrt_stream_executor_client.cc:3497) device_count() % addressable_device_count() == 0 Each process is expected to have the same number of devices
*** Begin stack trace ***
	
	
	
	
	
	
	
	
	
	
	
	
	
	
	
	
	PyObject_Vectorcall
	
	PyObject_Vectorcall
	
	
	
	
	
	_PyObject_FastCallDictTstate
	_PyObject_Call_Prepend
	
	_PyObject_MakeTpCall
	
	PyObject_Vectorcall
	
	
	
	
	
	
	PyObject_Vectorcall
	
	
	
	
	
	
	
	_PyObject_FastCallDictTstate
	_PyObject_Call_Prepend
	
	_PyObject_MakeTpCall
	
	PyEval_EvalCode
	
	
	
	
	PyObject_CallMethodObjArgs
	PyImport_ImportModuleLevelObject
	
	
	
	
	PyObject_CallMethodObjArgs
	PyImport_ImportModuleLevelObject
	
	PyEval_EvalCode
	
	
	
	
	PyObject_CallMethodObjArgs
	PyImport_ImportModuleLevelObject
	
	
	
	
	PyObject_CallMethodObjArgs
	PyImport_ImportModuleLevelObject
	
	PyEval_EvalCode
	
	
	
	
	PyObject_CallMethodObjArgs
	PyImport_ImportModuleLevelObject
	
2026-02-02 16:31:18.180890: E external/xla/xla/status_macros.cc:56] INTERNAL: RET_CHECK failure (external/xla/xla/pjrt/pjrt_stream_executor_client.cc:3497) device_count() % addressable_device_count() == 0 Each process is expected to have the same number of devices
*** Begin stack trace ***
	
	
	
	
	
	
	
	
	
	
	
	
	
	
	
	
	PyObject_Vectorcall
	
	PyObject_Vectorcall
	
	
	
	
	
	_PyObject_FastCallDictTstate
	_PyObject_Call_Prepend
	
	_PyObject_MakeTpCall
	
	PyObject_Vectorcall
	
	
	
	
	
	
	PyObject_Vectorcall
	
	
	
	
	
	
	
	_PyObject_FastCallDictTstate
	_PyObject_Call_Prepend
	
	_PyObject_MakeTpCall
	
	PyEval_EvalCode
	
	
	
	
	PyObject_CallMethodObjArgs
	PyImport_ImportModuleLevelObject
	
	
	
	
	PyObject_CallMethodObjArgs
	PyImport_ImportModuleLevelObject
	
	PyEval_EvalCode
	
	
	
	
	PyObject_CallMethodObjArgs
	PyImport_ImportModuleLevelObject
	
	
	
	
	PyObject_CallMethodObjArgs
	PyImport_ImportModuleLevelObject
	
	PyEval_EvalCode
	
	
	
	
	PyObject_CallMethodObjArgs
	PyImport_ImportModuleLevelObject
	
	PyEval_EvalCode
	
	
	
	
	PyObject_CallMethodObjArgs
	PyImport_ImportModuleLevelObject
	
	
	
	
	PyObject_CallMethodObjArgs
	PyImport_ImportModuleLevelObject
	
	
	
	
	PyObject_CallMethodObjArgs
	PyImport_ImportModuleLevelObject
	
	PyEval_EvalCode
	
	
	
	_PyRun_SimpleFileObject
	_PyRun_AnyFileObject
	Py_RunMain
	Py_BytesMain
	
	__libc_start_main
	_start
*** End stack trace ***

[Scaling] Node 1/3: local_device_ids = [0, 1, 2, 3]
[Scaling] Node 1: CUDA_VISIBLE_DEVICES = 0,1,2,3
[Scaling] Coordinator: jwb0538.juwels:29537
[Scaling] Actual processes: 3
[Rank 1/3] JAX distributed initialized
[Rank 1] Local GPUs: 4, Total GPUs: 10
[Rank 1] Local devices: [CudaDevice(id=4), CudaDevice(id=5), CudaDevice(id=6), CudaDevice(id=7)]
[Rank 1] All devices: [CudaDevice(id=0), CudaDevice(id=1), CudaDevice(id=2), CudaDevice(id=3), CudaDevice(id=4), CudaDevice(id=5), CudaDevice(id=6), CudaDevice(id=7), CudaDevice(id=8), CudaDevice(id=9)]
Traceback (most recent call last):
  File "/p/project1/cameo/schmidt36/chemtrain-deploy/external/chemtrain/clean_code_base/scripts/train_scaling.py", line 193, in <module>
    from chemtrain.data.data_loaders import DataLoaders
  File "/p/project1/cameo/schmidt36/chemtrain-deploy/external/chemtrain/chemtrain/__init__.py", line 16, in <module>
    import jax_md_mod
  File "/p/project1/cameo/schmidt36/chemtrain-deploy/external/chemtrain/jax_md_mod/__init__.py", line 55, in <module>
    import jax_md.partition
  File "/p/project1/cameo/schmidt36/clean_booster_env/lib/python3.12/site-packages/jax_md/__init__.py", line 27, in <module>
    from jax_md import rigid_body
  File "/p/project1/cameo/schmidt36/clean_booster_env/lib/python3.12/site-packages/jax_md/rigid_body.py", line 1009, in <module>
    monomer = point_union_shape(onp.array([[0.0, 0.0]], f32), f32(1.0))
                                                              ^^^^^^^^
  File "/p/software/default/stages/2025/software/jax/0.4.34-gpsfbf-2024a-CUDA-12/lib/python3.12/site-packages/jax/_src/numpy/lax_numpy.py", line 183, in __call__
    return asarray(x, dtype=self.dtype)
           ^^^^^^^^^^^^^^^^^^^^^^^^^^^^
  File "/p/software/default/stages/2025/software/jax/0.4.34-gpsfbf-2024a-CUDA-12/lib/python3.12/site-packages/jax/_src/numpy/lax_numpy.py", line 5191, in asarray
    return array(a, dtype=dtype, copy=bool(copy), order=order, device=device)
           ^^^^^^^^^^^^^^^^^^^^^^^^^^^^^^^^^^^^^^^^^^^^^^^^^^^^^^^^^^^^^^^^^^
  File "/p/software/default/stages/2025/software/jax/0.4.34-gpsfbf-2024a-CUDA-12/lib/python3.12/site-packages/jax/_src/numpy/lax_numpy.py", line 5025, in array
    out_array: Array = lax_internal._convert_element_type(
                       ^^^^^^^^^^^^^^^^^^^^^^^^^^^^^^^^^^^
  File "/p/software/default/stages/2025/software/jax/0.4.34-gpsfbf-2024a-CUDA-12/lib/python3.12/site-packages/jax/_src/lax/lax.py", line 585, in _convert_element_type
    return convert_element_type_p.bind(
           ^^^^^^^^^^^^^^^^^^^^^^^^^^^^
  File "/p/software/default/stages/2025/software/jax/0.4.34-gpsfbf-2024a-CUDA-12/lib/python3.12/site-packages/jax/_src/lax/lax.py", line 2865, in _convert_element_type_bind
    operand = core.Primitive.bind(convert_element_type_p, operand,
              ^^^^^^^^^^^^^^^^^^^^^^^^^^^^^^^^^^^^^^^^^^^^^^^^^^^^
  File "/p/software/default/stages/2025/software/jax/0.4.34-gpsfbf-2024a-CUDA-12/lib/python3.12/site-packages/jax/_src/core.py", line 438, in bind
    return self.bind_with_trace(find_top_trace(args), args, params)
           ^^^^^^^^^^^^^^^^^^^^^^^^^^^^^^^^^^^^^^^^^^^^^^^^^^^^^^^^
  File "/p/software/default/stages/2025/software/jax/0.4.34-gpsfbf-2024a-CUDA-12/lib/python3.12/site-packages/jax/_src/core.py", line 442, in bind_with_trace
    out = trace.process_primitive(self, map(trace.full_raise, args), params)
          ^^^^^^^^^^^^^^^^^^^^^^^^^^^^^^^^^^^^^^^^^^^^^^^^^^^^^^^^^^^^^^^^^^
  File "/p/software/default/stages/2025/software/jax/0.4.34-gpsfbf-2024a-CUDA-12/lib/python3.12/site-packages/jax/_src/core.py", line 948, in process_primitive
	PyEval_EvalCode
	
	
	
	
	PyObject_CallMethodObjArgs
	PyImport_ImportModuleLevelObject
	
	
	
	
	PyObject_CallMethodObjArgs
	PyImport_ImportModuleLevelObject
	
	
	
	
	PyObject_CallMethodObjArgs
	PyImport_ImportModuleLevelObject
	
	PyEval_EvalCode
	
	
	
	_PyRun_SimpleFileObject
	_PyRun_AnyFileObject
	Py_RunMain
	Py_BytesMain
	
	__libc_start_main
	_start
*** End stack trace ***

[Scaling] Node 0/3: local_device_ids = [0, 1, 2, 3]
[Scaling] Node 0: CUDA_VISIBLE_DEVICES = 0,1,2,3
[Scaling] Coordinator: jwb0538.juwels:29537
[Scaling] Actual processes: 3
[Rank 0/3] JAX distributed initialized
[Rank 0] Local GPUs: 4, Total GPUs: 10
[Rank 0] Local devices: [CudaDevice(id=0), CudaDevice(id=1), CudaDevice(id=2), CudaDevice(id=3)]
[Rank 0] All devices: [CudaDevice(id=0), CudaDevice(id=1), CudaDevice(id=2), CudaDevice(id=3), CudaDevice(id=4), CudaDevice(id=5), CudaDevice(id=6), CudaDevice(id=7), CudaDevice(id=8), CudaDevice(id=9)]
Traceback (most recent call last):
  File "/p/project1/cameo/schmidt36/chemtrain-deploy/external/chemtrain/clean_code_base/scripts/train_scaling.py", line 193, in <module>
    from chemtrain.data.data_loaders import DataLoaders
  File "/p/project1/cameo/schmidt36/chemtrain-deploy/external/chemtrain/chemtrain/__init__.py", line 16, in <module>
    import jax_md_mod
  File "/p/project1/cameo/schmidt36/chemtrain-deploy/external/chemtrain/jax_md_mod/__init__.py", line 55, in <module>
    import jax_md.partition
  File "/p/project1/cameo/schmidt36/clean_booster_env/lib/python3.12/site-packages/jax_md/__init__.py", line 27, in <module>
    from jax_md import rigid_body
  File "/p/project1/cameo/schmidt36/clean_booster_env/lib/python3.12/site-packages/jax_md/rigid_body.py", line 1009, in <module>
    monomer = point_union_shape(onp.array([[0.0, 0.0]], f32), f32(1.0))
                                                              ^^^^^^^^
  File "/p/software/default/stages/2025/software/jax/0.4.34-gpsfbf-2024a-CUDA-12/lib/python3.12/site-packages/jax/_src/numpy/lax_numpy.py", line 183, in __call__
    return asarray(x, dtype=self.dtype)
           ^^^^^^^^^^^^^^^^^^^^^^^^^^^^
  File "/p/software/default/stages/2025/software/jax/0.4.34-gpsfbf-2024a-CUDA-12/lib/python3.12/site-packages/jax/_src/numpy/lax_numpy.py", line 5191, in asarray
    return array(a, dtype=dtype, copy=bool(copy), order=order, device=device)
           ^^^^^^^^^^^^^^^^^^^^^^^^^^^^^^^^^^^^^^^^^^^^^^^^^^^^^^^^^^^^^^^^^^
  File "/p/software/default/stages/2025/software/jax/0.4.34-gpsfbf-2024a-CUDA-12/lib/python3.12/site-packages/jax/_src/numpy/lax_numpy.py", line 5025, in array
    out_array: Array = lax_internal._convert_element_type(
                       ^^^^^^^^^^^^^^^^^^^^^^^^^^^^^^^^^^^
  File "/p/software/default/stages/2025/software/jax/0.4.34-gpsfbf-2024a-CUDA-12/lib/python3.12/site-packages/jax/_src/lax/lax.py", line 585, in _convert_element_type
    return convert_element_type_p.bind(
           ^^^^^^^^^^^^^^^^^^^^^^^^^^^^
  File "/p/software/default/stages/2025/software/jax/0.4.34-gpsfbf-2024a-CUDA-12/lib/python3.12/site-packages/jax/_src/lax/lax.py", line 2865, in _convert_element_type_bind
    operand = core.Primitive.bind(convert_element_type_p, operand,
              ^^^^^^^^^^^^^^^^^^^^^^^^^^^^^^^^^^^^^^^^^^^^^^^^^^^^
  File "/p/software/default/stages/2025/software/jax/0.4.34-gpsfbf-2024a-CUDA-12/lib/python3.12/site-packages/jax/_src/core.py", line 438, in bind
    return self.bind_with_trace(find_top_trace(args), args, params)
           ^^^^^^^^^^^^^^^^^^^^^^^^^^^^^^^^^^^^^^^^^^^^^^^^^^^^^^^^
  File "/p/software/default/stages/2025/software/jax/0.4.34-gpsfbf-2024a-CUDA-12/lib/python3.12/site-packages/jax/_src/core.py", line 442, in bind_with_trace
    out = trace.process_primitive(self, map(trace.full_raise, args), params)
          ^^^^^^^^^^^^^^^^^^^^^^^^^^^^^^^^^^^^^^^^^^^^^^^^^^^^^^^^^^^^^^^^^^
  File "/p/software/default/stages/2025/software/jax/0.4.34-gpsfbf-2024a-CUDA-12/lib/python3.12/site-packages/jax/_src/core.py", line 948, in process_primitive
    return primitive.impl(*tracers, **params)
           ^^^^^^^^^^^^^^^^^^^^^^^^^^^^^^^^^^
  File "/p/software/default/stages/2025/software/jax/0.4.34-gpsfbf-2024a-CUDA-12/lib/python3.12/site-packages/jax/_src/dispatch.py", line 90, in apply_primitive
    outs = fun(*args)
           ^^^^^^^^^^
jaxlib.xla_extension.XlaRuntimeError: INTERNAL: RET_CHECK failure (external/xla/xla/pjrt/pjrt_stream_executor_client.cc:3497) device_count() % addressable_device_count() == 0 Each process is expected to have the same number of devices
--------------------
For simplicity, JAX has removed its internal frames from the traceback of the following exception. Set JAX_TRACEBACK_FILTERING=off to include these.
    return primitive.impl(*tracers, **params)
           ^^^^^^^^^^^^^^^^^^^^^^^^^^^^^^^^^^
  File "/p/software/default/stages/2025/software/jax/0.4.34-gpsfbf-2024a-CUDA-12/lib/python3.12/site-packages/jax/_src/dispatch.py", line 90, in apply_primitive
    outs = fun(*args)
           ^^^^^^^^^^
jaxlib.xla_extension.XlaRuntimeError: INTERNAL: RET_CHECK failure (external/xla/xla/pjrt/pjrt_stream_executor_client.cc:3497) device_count() % addressable_device_count() == 0 Each process is expected to have the same number of devices
--------------------
For simplicity, JAX has removed its internal frames from the traceback of the following exception. Set JAX_TRACEBACK_FILTERING=off to include these.
[Model] Using Allegro size: default
[Model] Detected 18 unique species
[Model] Using Allegro config size: default
[Model] Mode: Prior + Allegro
[Model] Prior weights: {'bond': 0.5, 'angle': 0.25, 'dihedral': 0.25, 'repulsive': 1.0}
/p/software/default/stages/2025/software/jax/0.4.34-gpsfbf-2024a-CUDA-12/lib/python3.12/site-packages/jax/_src/ops/scatter.py:92: FutureWarning: scatter inputs have incompatible types: cannot safely cast value from dtype=float32 to dtype=int32 with jax_numpy_dtype_promotion='standard'. In future JAX releases this will result in an error.
  warnings.warn(
/p/software/default/stages/2025/software/jax/0.4.34-gpsfbf-2024a-CUDA-12/lib/python3.12/site-packages/jax/_src/ops/scatter.py:92: FutureWarning: scatter inputs have incompatible types: cannot safely cast value from dtype=float32 to dtype=int32 with jax_numpy_dtype_promotion='standard'. In future JAX releases this will result in an error.
  warnings.warn(
/p/software/default/stages/2025/software/jax/0.4.34-gpsfbf-2024a-CUDA-12/lib/python3.12/site-packages/jax/_src/ops/scatter.py:92: FutureWarning: scatter inputs have incompatible types: cannot safely cast value from dtype=float32 to dtype=int32 with jax_numpy_dtype_promotion='standard'. In future JAX releases this will result in an error.
  warnings.warn(
/p/software/default/stages/2025/software/jax/0.4.34-gpsfbf-2024a-CUDA-12/lib/python3.12/site-packages/jax/_src/numpy/lax_numpy.py:183: UserWarning: Explicitly requested dtype float64 requested in asarray is not available, and will be truncated to dtype float32. To enable more dtypes, set the jax_enable_x64 configuration option or the JAX_ENABLE_X64 shell environment variable. See https://github.com/jax-ml/jax#current-gotchas for more.
  return asarray(x, dtype=self.dtype)
/p/software/default/stages/2025/software/jax/0.4.34-gpsfbf-2024a-CUDA-12/lib/python3.12/site-packages/jax/_src/numpy/reductions.py:213: UserWarning: Explicitly requested dtype <class 'jax.numpy.float64'> requested in sum is not available, and will be truncated to dtype float32. To enable more dtypes, set the jax_enable_x64 configuration option or the JAX_ENABLE_X64 shell environment variable. See https://github.com/jax-ml/jax#current-gotchas for more.
  return _reduction(a, "sum", np.sum, lax.add, 0, preproc=_cast_to_numeric,
[Training] Initialized model with seed=193749
[Training] Applied NumpyDataLoader patch
[Training] 
============================================================
[Training] Training Stage: ADABELIEF (3 epochs, starting from 0)
[Training] ============================================================
/p/project1/cameo/schmidt36/chemtrain-deploy/external/chemtrain/chemtrain/trainers/base.py:957: UserWarning: Batch size 160 does not divide the number of observations 2250. Trainer will skip 10 samples for state training
  warnings.warn(
/p/project1/cameo/schmidt36/chemtrain-deploy/external/chemtrain/chemtrain/trainers/base.py:957: UserWarning: Batch size 160 does not divide the number of observations 250. Trainer will skip 90 samples for state validation
  warnings.warn(
[Scaling] Node 2/3: local_device_ids = [0, 1]
[Scaling] Node 2: CUDA_VISIBLE_DEVICES = 0,1
[Scaling] Coordinator: jwb0538.juwels:29537
[Scaling] Actual processes: 3
[Rank 2/3] JAX distributed initialized
[Rank 2] Local GPUs: 2, Total GPUs: 10
[Rank 2] Local devices: [CudaDevice(id=8), CudaDevice(id=9)]
[Rank 2] All devices: [CudaDevice(id=0), CudaDevice(id=1), CudaDevice(id=2), CudaDevice(id=3), CudaDevice(id=4), CudaDevice(id=5), CudaDevice(id=6), CudaDevice(id=7), CudaDevice(id=8), CudaDevice(id=9)]
============================================================
SCALING TEST
============================================================
Devices: 10
Distributed: True
Rank: 2/3
Local devices: 2
Global devices: 10
============================================================
Capping edges and triplets. Beware of overflow, which is currently not being detected.
Estimated max. 900 edges.
[Allegro] Use two atom species for oxygen and hydroge.
[Allegro] Use default mask
Use a custom scatter implementation
Out irreps 300x0e+556x1o+256x1e+556x2e+384x2o+512x3o+256x3e
Irreps after layer are 128x1o+128x1e+128x2e+128x2o+128x3o+128x3e
Use a custom scatter implementation
Out irreps 256x0e+768x1o+896x2e
Irreps after layer are 128x1o+128x2e
Use a custom scatter implementation
Out irreps 256x0e
Irreps after layer are Irreps()

============================================================
TRAINING WITH TIMING
============================================================
Traceback (most recent call last):
  File "/p/project1/cameo/schmidt36/chemtrain-deploy/external/chemtrain/clean_code_base/scripts/train_scaling.py", line 380, in <module>
    main()
  File "/p/project1/cameo/schmidt36/chemtrain-deploy/external/chemtrain/clean_code_base/scripts/train_scaling.py", line 360, in main
    results = trainer.train_full_pipeline()
              ^^^^^^^^^^^^^^^^^^^^^^^^^^^^^
  File "/p/project1/cameo/schmidt36/chemtrain-deploy/external/chemtrain/clean_code_base/training/trainer.py", line 618, in train_full_pipeline
    results["stage1"] = self.train_stage(
                        ^^^^^^^^^^^^^^^^^
  File "/p/project1/cameo/schmidt36/chemtrain-deploy/external/chemtrain/clean_code_base/training/trainer.py", line 234, in train_stage
    trainer.train(remaining_epochs, checkpoint_freq=checkpoint_freq if checkpoint_freq > 0 else None)
  File "/p/project1/cameo/schmidt36/chemtrain-deploy/external/chemtrain/chemtrain/trainers/base.py", line 474, in train
    self._update(batch)
  File "/p/project1/cameo/schmidt36/chemtrain-deploy/external/chemtrain/chemtrain/trainers/base.py", line 1015, in _update
    params, opt_state, train_loss, curr_grad, per_target_losses = self._update_fn(
                                                                  ^^^^^^^^^^^^^^^^
  File "/p/project1/cameo/schmidt36/chemtrain-deploy/external/chemtrain/chemtrain/learn/max_likelihood.py", line 172, in update_fn
    params = device_put(params, replicate)
             ^^^^^^^^^^^^^^^^^^^^^^^^^^^^^
  File "/p/software/default/stages/2025/software/jax/0.4.34-gpsfbf-2024a-CUDA-12/lib/python3.12/site-packages/jax/_src/api.py", line 2291, in device_put
    out_flat = dispatch.device_put_p.bind(
               ^^^^^^^^^^^^^^^^^^^^^^^^^^^
  File "/p/software/default/stages/2025/software/jax/0.4.34-gpsfbf-2024a-CUDA-12/lib/python3.12/site-packages/jax/_src/core.py", line 438, in bind
    return self.bind_with_trace(find_top_trace(args), args, params)
           ^^^^^^^^^^^^^^^^^^^^^^^^^^^^^^^^^^^^^^^^^^^^^^^^^^^^^^^^
  File "/p/software/default/stages/2025/software/jax/0.4.34-gpsfbf-2024a-CUDA-12/lib/python3.12/site-packages/jax/_src/core.py", line 442, in bind_with_trace
    out = trace.process_primitive(self, map(trace.full_raise, args), params)
          ^^^^^^^^^^^^^^^^^^^^^^^^^^^^^^^^^^^^^^^^^^^^^^^^^^^^^^^^^^^^^^^^^^
  File "/p/software/default/stages/2025/software/jax/0.4.34-gpsfbf-2024a-CUDA-12/lib/python3.12/site-packages/jax/_src/core.py", line 948, in process_primitive
    return primitive.impl(*tracers, **params)
           ^^^^^^^^^^^^^^^^^^^^^^^^^^^^^^^^^^
  File "/p/software/default/stages/2025/software/jax/0.4.34-gpsfbf-2024a-CUDA-12/lib/python3.12/site-packages/jax/_src/dispatch.py", line 518, in _batched_device_put_impl
    y = _device_put_impl(x, device=device, src=src, copy=cp)
        ^^^^^^^^^^^^^^^^^^^^^^^^^^^^^^^^^^^^^^^^^^^^^^^^^^^^
  File "/p/software/default/stages/2025/software/jax/0.4.34-gpsfbf-2024a-CUDA-12/lib/python3.12/site-packages/jax/_src/dispatch.py", line 507, in _device_put_impl
    return _device_put_sharding_impl(x, aval, device, copy)
           ^^^^^^^^^^^^^^^^^^^^^^^^^^^^^^^^^^^^^^^^^^^^^^^^
  File "/p/software/default/stages/2025/software/jax/0.4.34-gpsfbf-2024a-CUDA-12/lib/python3.12/site-packages/jax/_src/dispatch.py", line 438, in _device_put_sharding_impl
    multihost_utils.assert_equal(
  File "/p/software/default/stages/2025/software/jax/0.4.34-gpsfbf-2024a-CUDA-12/lib/python3.12/site-packages/jax/experimental/multihost_utils.py", line 158, in assert_equal
    expected = broadcast_one_to_all(in_tree)
               ^^^^^^^^^^^^^^^^^^^^^^^^^^^^^
  File "/p/software/default/stages/2025/software/jax/0.4.34-gpsfbf-2024a-CUDA-12/lib/python3.12/site-packages/jax/experimental/multihost_utils.py", line 66, in broadcast_one_to_all
    jax.devices()).reshape(jax.process_count(), jax.local_device_count())
                   ^^^^^^^^^^^^^^^^^^^^^^^^^^^^^^^^^^^^^^^^^^^^^^^^^^^^^^
ValueError: cannot reshape array of size 10 into shape (3,2)
srun: error: jwb0540: task 2: Exited with exit code 1
srun: error: jwb0539: task 1: Exited with exit code 1
srun: error: jwb0538: task 0: Exited with exit code 1
  Total time: 34.090832134s
  Throughput: 198.00 samples/s
  Done with 10 devices

------------------------------------------------------------
Testing with 11 device(s)...
------------------------------------------------------------
  Nodes needed:     3
  Device pattern:   split:2x4+3
  Running training...
2026-02-02 16:32:00.322396: E external/xla/xla/status_macros.cc:56] INTERNAL: RET_CHECK failure (external/xla/xla/pjrt/pjrt_stream_executor_client.cc:3497) device_count() % addressable_device_count() == 0 Each process is expected to have the same number of devices
*** Begin stack trace ***
	
	
	
	
	
	
	
	
	
	
	
	
	
	
	
	
	PyObject_Vectorcall
	
	PyObject_Vectorcall
	
	
	
	
	
	_PyObject_FastCallDictTstate
	_PyObject_Call_Prepend
	
	_PyObject_MakeTpCall
	
	PyObject_Vectorcall
	
	
	
	
	
	
	PyObject_Vectorcall
	
	
	
	
	
	
	
	_PyObject_FastCallDictTstate
	_PyObject_Call_Prepend
	
	_PyObject_MakeTpCall
	
	PyEval_EvalCode
	
	
	
	
	PyObject_CallMethodObjArgs
	PyImport_ImportModuleLevelObject
	
	
	
	
	PyObject_CallMethodObjArgs
	PyImport_ImportModuleLevelObject
	
	PyEval_EvalCode
	
	
	
	
	PyObject_CallMethodObjArgs
	PyImport_ImportModuleLevelObject
	
	
	
	
	PyObject_CallMethodObjArgs
	PyImport_ImportModuleLevelObject
	
	PyEval_EvalCode
	
	
	
	
	PyObject_CallMethodObjArgs
	PyImport_ImportModuleLevelObject
	
	PyEval_EvalCode
	
	
	
	
	PyObject_CallMethodObjArgs
	PyImport_ImportModuleLevelObject
	
	
	
	
	PyObject_CallMethodObjArgs
	PyImport_ImportModuleLevelObject
	
	
	
	
	PyObject_CallMethodObjArgs
	PyImport_ImportModuleLevelObject
	
	PyEval_EvalCode
	
	
	
	_PyRun_SimpleFileObject
	_PyRun_AnyFileObject
	Py_RunMain
	Py_BytesMain
	
	__libc_start_main
	_start
*** End stack trace ***

[Scaling] Node 0/3: local_device_ids = [0, 1, 2, 3]
[Scaling] Node 0: CUDA_VISIBLE_DEVICES = 0,1,2,3
[Scaling] Coordinator: jwb0538.juwels:29537
[Scaling] Actual processes: 3
[Rank 0/3] JAX distributed initialized
[Rank 0] Local GPUs: 4, Total GPUs: 11
[Rank 0] Local devices: [CudaDevice(id=0), CudaDevice(id=1), CudaDevice(id=2), CudaDevice(id=3)]
[Rank 0] All devices: [CudaDevice(id=0), CudaDevice(id=1), CudaDevice(id=2), CudaDevice(id=3), CudaDevice(id=4), CudaDevice(id=5), CudaDevice(id=6), CudaDevice(id=7), CudaDevice(id=8), CudaDevice(id=9), CudaDevice(id=10)]
Traceback (most recent call last):
  File "/p/project1/cameo/schmidt36/chemtrain-deploy/external/chemtrain/clean_code_base/scripts/train_scaling.py", line 193, in <module>
    from chemtrain.data.data_loaders import DataLoaders
  File "/p/project1/cameo/schmidt36/chemtrain-deploy/external/chemtrain/chemtrain/__init__.py", line 16, in <module>
    import jax_md_mod
  File "/p/project1/cameo/schmidt36/chemtrain-deploy/external/chemtrain/jax_md_mod/__init__.py", line 55, in <module>
    import jax_md.partition
  File "/p/project1/cameo/schmidt36/clean_booster_env/lib/python3.12/site-packages/jax_md/__init__.py", line 27, in <module>
    from jax_md import rigid_body
  File "/p/project1/cameo/schmidt36/clean_booster_env/lib/python3.12/site-packages/jax_md/rigid_body.py", line 1009, in <module>
    monomer = point_union_shape(onp.array([[0.0, 0.0]], f32), f32(1.0))
                                                              ^^^^^^^^
  File "/p/software/default/stages/2025/software/jax/0.4.34-gpsfbf-2024a-CUDA-12/lib/python3.12/site-packages/jax/_src/numpy/lax_numpy.py", line 183, in __call__
    return asarray(x, dtype=self.dtype)
           ^^^^^^^^^^^^^^^^^^^^^^^^^^^^
  File "/p/software/default/stages/2025/software/jax/0.4.34-gpsfbf-2024a-CUDA-12/lib/python3.12/site-packages/jax/_src/numpy/lax_numpy.py", line 5191, in asarray
    return array(a, dtype=dtype, copy=bool(copy), order=order, device=device)
           ^^^^^^^^^^^^^^^^^^^^^^^^^^^^^^^^^^^^^^^^^^^^^^^^^^^^^^^^^^^^^^^^^^
  File "/p/software/default/stages/2025/software/jax/0.4.34-gpsfbf-2024a-CUDA-12/lib/python3.12/site-packages/jax/_src/numpy/lax_numpy.py", line 5025, in array
    out_array: Array = lax_internal._convert_element_type(
                       ^^^^^^^^^^^^^^^^^^^^^^^^^^^^^^^^^^^
  File "/p/software/default/stages/2025/software/jax/0.4.34-gpsfbf-2024a-CUDA-12/lib/python3.12/site-packages/jax/_src/lax/lax.py", line 585, in _convert_element_type
    return convert_element_type_p.bind(
           ^^^^^^^^^^^^^^^^^^^^^^^^^^^^
  File "/p/software/default/stages/2025/software/jax/0.4.34-gpsfbf-2024a-CUDA-12/lib/python3.12/site-packages/jax/_src/lax/lax.py", line 2865, in _convert_element_type_bind
    operand = core.Primitive.bind(convert_element_type_p, operand,
              ^^^^^^^^^^^^^^^^^^^^^^^^^^^^^^^^^^^^^^^^^^^^^^^^^^^^
  File "/p/software/default/stages/2025/software/jax/0.4.34-gpsfbf-2024a-CUDA-12/lib/python3.12/site-packages/jax/_src/core.py", line 438, in bind
    return self.bind_with_trace(find_top_trace(args), args, params)
           ^^^^^^^^^^^^^^^^^^^^^^^^^^^^^^^^^^^^^^^^^^^^^^^^^^^^^^^^
  File "/p/software/default/stages/2025/software/jax/0.4.34-gpsfbf-2024a-CUDA-12/lib/python3.12/site-packages/jax/_src/core.py", line 442, in bind_with_trace
    out = trace.process_primitive(self, map(trace.full_raise, args), params)
          ^^^^^^^^^^^^^^^^^^^^^^^^^^^^^^^^^^^^^^^^^^^^^^^^^^^^^^^^^^^^^^^^^^
  File "/p/software/default/stages/2025/software/jax/0.4.34-gpsfbf-2024a-CUDA-12/lib/python3.12/site-packages/jax/_src/core.py", line 948, in process_primitive
    return primitive.impl(*tracers, **params)
           ^^^^^^^^^^^^^^^^^^^^^^^^^^^^^^^^^^
  File "/p/software/default/stages/2025/software/jax/0.4.34-gpsfbf-2024a-CUDA-12/lib/python3.12/site-packages/jax/_src/dispatch.py", line 90, in apply_primitive
    outs = fun(*args)
           ^^^^^^^^^^
jaxlib.xla_extension.XlaRuntimeError: INTERNAL: RET_CHECK failure (external/xla/xla/pjrt/pjrt_stream_executor_client.cc:3497) device_count() % addressable_device_count() == 0 Each process is expected to have the same number of devices
--------------------
For simplicity, JAX has removed its internal frames from the traceback of the following exception. Set JAX_TRACEBACK_FILTERING=off to include these.
2026-02-02 16:32:01.837858: E external/xla/xla/status_macros.cc:56] INTERNAL: RET_CHECK failure (external/xla/xla/pjrt/pjrt_stream_executor_client.cc:3497) device_count() % addressable_device_count() == 0 Each process is expected to have the same number of devices
*** Begin stack trace ***
	
	
	
	
	
	
	
	
	
	
	
	
	
	
	
	
	PyObject_Vectorcall
	
	PyObject_Vectorcall
	
	
	
	
	
	_PyObject_FastCallDictTstate
	_PyObject_Call_Prepend
	
	_PyObject_MakeTpCall
	
	PyObject_Vectorcall
	
	
	
	
	
	
	PyObject_Vectorcall
	
	
	
	
	
	
	
	_PyObject_FastCallDictTstate
	_PyObject_Call_Prepend
	
	_PyObject_MakeTpCall
	
	PyEval_EvalCode
	
	
	
	
	PyObject_CallMethodObjArgs
	PyImport_ImportModuleLevelObject
	
	
	
	
	PyObject_CallMethodObjArgs
	PyImport_ImportModuleLevelObject
	
	PyEval_EvalCode
	
	
	
	
	PyObject_CallMethodObjArgs
	PyImport_ImportModuleLevelObject
	
	
	
	
	PyObject_CallMethodObjArgs
	PyImport_ImportModuleLevelObject
	
	PyEval_EvalCode
	
	
	
	
	PyObject_CallMethodObjArgs
	PyImport_ImportModuleLevelObject
	
	PyEval_EvalCode
	
	
	
	
	PyObject_CallMethodObjArgs
	PyImport_ImportModuleLevelObject
	
	
	
	
	PyObject_CallMethodObjArgs
	PyImport_ImportModuleLevelObject
	
	
	
	
	PyObject_CallMethodObjArgs
	PyImport_ImportModuleLevelObject
	
	PyEval_EvalCode
	
	
	
	_PyRun_SimpleFileObject
	_PyRun_AnyFileObject
	Py_RunMain
	Py_BytesMain
	
	__libc_start_main
	_start
*** End stack trace ***

[Scaling] Node 1/3: local_device_ids = [0, 1, 2, 3]
[Scaling] Node 1: CUDA_VISIBLE_DEVICES = 0,1,2,3
[Scaling] Coordinator: jwb0538.juwels:29537
[Scaling] Actual processes: 3
[Rank 1/3] JAX distributed initialized
[Rank 1] Local GPUs: 4, Total GPUs: 11
[Rank 1] Local devices: [CudaDevice(id=4), CudaDevice(id=5), CudaDevice(id=6), CudaDevice(id=7)]
[Rank 1] All devices: [CudaDevice(id=0), CudaDevice(id=1), CudaDevice(id=2), CudaDevice(id=3), CudaDevice(id=4), CudaDevice(id=5), CudaDevice(id=6), CudaDevice(id=7), CudaDevice(id=8), CudaDevice(id=9), CudaDevice(id=10)]
Traceback (most recent call last):
  File "/p/project1/cameo/schmidt36/chemtrain-deploy/external/chemtrain/clean_code_base/scripts/train_scaling.py", line 193, in <module>
    from chemtrain.data.data_loaders import DataLoaders
  File "/p/project1/cameo/schmidt36/chemtrain-deploy/external/chemtrain/chemtrain/__init__.py", line 16, in <module>
    import jax_md_mod
  File "/p/project1/cameo/schmidt36/chemtrain-deploy/external/chemtrain/jax_md_mod/__init__.py", line 55, in <module>
    import jax_md.partition
  File "/p/project1/cameo/schmidt36/clean_booster_env/lib/python3.12/site-packages/jax_md/__init__.py", line 27, in <module>
    from jax_md import rigid_body
  File "/p/project1/cameo/schmidt36/clean_booster_env/lib/python3.12/site-packages/jax_md/rigid_body.py", line 1009, in <module>
    monomer = point_union_shape(onp.array([[0.0, 0.0]], f32), f32(1.0))
                                                              ^^^^^^^^
  File "/p/software/default/stages/2025/software/jax/0.4.34-gpsfbf-2024a-CUDA-12/lib/python3.12/site-packages/jax/_src/numpy/lax_numpy.py", line 183, in __call__
    return asarray(x, dtype=self.dtype)
           ^^^^^^^^^^^^^^^^^^^^^^^^^^^^
  File "/p/software/default/stages/2025/software/jax/0.4.34-gpsfbf-2024a-CUDA-12/lib/python3.12/site-packages/jax/_src/numpy/lax_numpy.py", line 5191, in asarray
    return array(a, dtype=dtype, copy=bool(copy), order=order, device=device)
           ^^^^^^^^^^^^^^^^^^^^^^^^^^^^^^^^^^^^^^^^^^^^^^^^^^^^^^^^^^^^^^^^^^
  File "/p/software/default/stages/2025/software/jax/0.4.34-gpsfbf-2024a-CUDA-12/lib/python3.12/site-packages/jax/_src/numpy/lax_numpy.py", line 5025, in array
    out_array: Array = lax_internal._convert_element_type(
                       ^^^^^^^^^^^^^^^^^^^^^^^^^^^^^^^^^^^
  File "/p/software/default/stages/2025/software/jax/0.4.34-gpsfbf-2024a-CUDA-12/lib/python3.12/site-packages/jax/_src/lax/lax.py", line 585, in _convert_element_type
    return convert_element_type_p.bind(
           ^^^^^^^^^^^^^^^^^^^^^^^^^^^^
  File "/p/software/default/stages/2025/software/jax/0.4.34-gpsfbf-2024a-CUDA-12/lib/python3.12/site-packages/jax/_src/lax/lax.py", line 2865, in _convert_element_type_bind
    operand = core.Primitive.bind(convert_element_type_p, operand,
              ^^^^^^^^^^^^^^^^^^^^^^^^^^^^^^^^^^^^^^^^^^^^^^^^^^^^
  File "/p/software/default/stages/2025/software/jax/0.4.34-gpsfbf-2024a-CUDA-12/lib/python3.12/site-packages/jax/_src/core.py", line 438, in bind
    return self.bind_with_trace(find_top_trace(args), args, params)
           ^^^^^^^^^^^^^^^^^^^^^^^^^^^^^^^^^^^^^^^^^^^^^^^^^^^^^^^^
  File "/p/software/default/stages/2025/software/jax/0.4.34-gpsfbf-2024a-CUDA-12/lib/python3.12/site-packages/jax/_src/core.py", line 442, in bind_with_trace
    out = trace.process_primitive(self, map(trace.full_raise, args), params)
          ^^^^^^^^^^^^^^^^^^^^^^^^^^^^^^^^^^^^^^^^^^^^^^^^^^^^^^^^^^^^^^^^^^
  File "/p/software/default/stages/2025/software/jax/0.4.34-gpsfbf-2024a-CUDA-12/lib/python3.12/site-packages/jax/_src/core.py", line 948, in process_primitive
    return primitive.impl(*tracers, **params)
           ^^^^^^^^^^^^^^^^^^^^^^^^^^^^^^^^^^
  File "/p/software/default/stages/2025/software/jax/0.4.34-gpsfbf-2024a-CUDA-12/lib/python3.12/site-packages/jax/_src/dispatch.py", line 90, in apply_primitive
    outs = fun(*args)
           ^^^^^^^^^^
jaxlib.xla_extension.XlaRuntimeError: INTERNAL: RET_CHECK failure (external/xla/xla/pjrt/pjrt_stream_executor_client.cc:3497) device_count() % addressable_device_count() == 0 Each process is expected to have the same number of devices
--------------------
For simplicity, JAX has removed its internal frames from the traceback of the following exception. Set JAX_TRACEBACK_FILTERING=off to include these.
2026-02-02 16:32:02.134021: E external/xla/xla/status_macros.cc:56] INTERNAL: RET_CHECK failure (external/xla/xla/pjrt/pjrt_stream_executor_client.cc:3497) device_count() % addressable_device_count() == 0 Each process is expected to have the same number of devices
*** Begin stack trace ***
	
	
	
	
	
	
	
	
	
	
	
	
	
	
	
	
	PyObject_Vectorcall
	
	PyObject_Vectorcall
	
	
	
	
	
	_PyObject_FastCallDictTstate
	_PyObject_Call_Prepend
	
	_PyObject_MakeTpCall
	
	PyObject_Vectorcall
	
	
	
	
	
	
	PyObject_Vectorcall
	
	
	
	
	
	
	
	_PyObject_FastCallDictTstate
	_PyObject_Call_Prepend
	
	_PyObject_MakeTpCall
	
	PyEval_EvalCode
	
	
	
	
	PyObject_CallMethodObjArgs
	PyImport_ImportModuleLevelObject
	
	
	
	
	PyObject_CallMethodObjArgs
	PyImport_ImportModuleLevelObject
	
	PyEval_EvalCode
	
	
	
	
	PyObject_CallMethodObjArgs
	PyImport_ImportModuleLevelObject
	
	
	
	
	PyObject_CallMethodObjArgs
	PyImport_ImportModuleLevelObject
	
	PyEval_EvalCode
	
	
	
	
	PyObject_CallMethodObjArgs
	PyImport_ImportModuleLevelObject
	
	PyEval_EvalCode
	
	
	
	
	PyObject_CallMethodObjArgs
	PyImport_ImportModuleLevelObject
	
	
	
	
	PyObject_CallMethodObjArgs
	PyImport_ImportModuleLevelObject
	
	
	
	
	PyObject_CallMethodObjArgs
	PyImport_ImportModuleLevelObject
	
	PyEval_EvalCode
	
	
	
	_PyRun_SimpleFileObject
	_PyRun_AnyFileObject
	Py_RunMain
	Py_BytesMain
	
	__libc_start_main
	_start
*** End stack trace ***

[Scaling] Node 2/3: local_device_ids = [0, 1, 2]
[Scaling] Node 2: CUDA_VISIBLE_DEVICES = 0,1,2
[Scaling] Coordinator: jwb0538.juwels:29537
[Scaling] Actual processes: 3
[Rank 2/3] JAX distributed initialized
[Rank 2] Local GPUs: 3, Total GPUs: 11
[Rank 2] Local devices: [CudaDevice(id=8), CudaDevice(id=9), CudaDevice(id=10)]
[Rank 2] All devices: [CudaDevice(id=0), CudaDevice(id=1), CudaDevice(id=2), CudaDevice(id=3), CudaDevice(id=4), CudaDevice(id=5), CudaDevice(id=6), CudaDevice(id=7), CudaDevice(id=8), CudaDevice(id=9), CudaDevice(id=10)]
Traceback (most recent call last):
  File "/p/project1/cameo/schmidt36/chemtrain-deploy/external/chemtrain/clean_code_base/scripts/train_scaling.py", line 193, in <module>
    from chemtrain.data.data_loaders import DataLoaders
  File "/p/project1/cameo/schmidt36/chemtrain-deploy/external/chemtrain/chemtrain/__init__.py", line 16, in <module>
    import jax_md_mod
  File "/p/project1/cameo/schmidt36/chemtrain-deploy/external/chemtrain/jax_md_mod/__init__.py", line 55, in <module>
    import jax_md.partition
  File "/p/project1/cameo/schmidt36/clean_booster_env/lib/python3.12/site-packages/jax_md/__init__.py", line 27, in <module>
    from jax_md import rigid_body
  File "/p/project1/cameo/schmidt36/clean_booster_env/lib/python3.12/site-packages/jax_md/rigid_body.py", line 1009, in <module>
    monomer = point_union_shape(onp.array([[0.0, 0.0]], f32), f32(1.0))
                                                              ^^^^^^^^
  File "/p/software/default/stages/2025/software/jax/0.4.34-gpsfbf-2024a-CUDA-12/lib/python3.12/site-packages/jax/_src/numpy/lax_numpy.py", line 183, in __call__
    return asarray(x, dtype=self.dtype)
           ^^^^^^^^^^^^^^^^^^^^^^^^^^^^
  File "/p/software/default/stages/2025/software/jax/0.4.34-gpsfbf-2024a-CUDA-12/lib/python3.12/site-packages/jax/_src/numpy/lax_numpy.py", line 5191, in asarray
    return array(a, dtype=dtype, copy=bool(copy), order=order, device=device)
           ^^^^^^^^^^^^^^^^^^^^^^^^^^^^^^^^^^^^^^^^^^^^^^^^^^^^^^^^^^^^^^^^^^
  File "/p/software/default/stages/2025/software/jax/0.4.34-gpsfbf-2024a-CUDA-12/lib/python3.12/site-packages/jax/_src/numpy/lax_numpy.py", line 5025, in array
    out_array: Array = lax_internal._convert_element_type(
                       ^^^^^^^^^^^^^^^^^^^^^^^^^^^^^^^^^^^
  File "/p/software/default/stages/2025/software/jax/0.4.34-gpsfbf-2024a-CUDA-12/lib/python3.12/site-packages/jax/_src/lax/lax.py", line 585, in _convert_element_type
    return convert_element_type_p.bind(
           ^^^^^^^^^^^^^^^^^^^^^^^^^^^^
  File "/p/software/default/stages/2025/software/jax/0.4.34-gpsfbf-2024a-CUDA-12/lib/python3.12/site-packages/jax/_src/lax/lax.py", line 2865, in _convert_element_type_bind
    operand = core.Primitive.bind(convert_element_type_p, operand,
              ^^^^^^^^^^^^^^^^^^^^^^^^^^^^^^^^^^^^^^^^^^^^^^^^^^^^
  File "/p/software/default/stages/2025/software/jax/0.4.34-gpsfbf-2024a-CUDA-12/lib/python3.12/site-packages/jax/_src/core.py", line 438, in bind
    return self.bind_with_trace(find_top_trace(args), args, params)
           ^^^^^^^^^^^^^^^^^^^^^^^^^^^^^^^^^^^^^^^^^^^^^^^^^^^^^^^^
  File "/p/software/default/stages/2025/software/jax/0.4.34-gpsfbf-2024a-CUDA-12/lib/python3.12/site-packages/jax/_src/core.py", line 442, in bind_with_trace
    out = trace.process_primitive(self, map(trace.full_raise, args), params)
          ^^^^^^^^^^^^^^^^^^^^^^^^^^^^^^^^^^^^^^^^^^^^^^^^^^^^^^^^^^^^^^^^^^
  File "/p/software/default/stages/2025/software/jax/0.4.34-gpsfbf-2024a-CUDA-12/lib/python3.12/site-packages/jax/_src/core.py", line 948, in process_primitive
    return primitive.impl(*tracers, **params)
           ^^^^^^^^^^^^^^^^^^^^^^^^^^^^^^^^^^
  File "/p/software/default/stages/2025/software/jax/0.4.34-gpsfbf-2024a-CUDA-12/lib/python3.12/site-packages/jax/_src/dispatch.py", line 90, in apply_primitive
    outs = fun(*args)
           ^^^^^^^^^^
jaxlib.xla_extension.XlaRuntimeError: INTERNAL: RET_CHECK failure (external/xla/xla/pjrt/pjrt_stream_executor_client.cc:3497) device_count() % addressable_device_count() == 0 Each process is expected to have the same number of devices
--------------------
For simplicity, JAX has removed its internal frames from the traceback of the following exception. Set JAX_TRACEBACK_FILTERING=off to include these.
srun: error: jwb0540: task 2: Exited with exit code 1
srun: error: jwb0539: task 1: Exited with exit code 1
srun: error: jwb0538: task 0: Exited with exit code 1
  Total time: 16.618410643s
  Throughput: 406.17 samples/s
  Done with 11 devices

------------------------------------------------------------
Testing with 12 device(s)...
------------------------------------------------------------
  Nodes needed:     3
  Device pattern:   uniform:4
  Running training...
[Model] Using Allegro size: default
[Model] Using Allegro size: default
[Model] Using Allegro size: default
[Model] Detected 18 unique species
[Model] Using Allegro config size: default
[Model] Detected 18 unique species
[Model] Using Allegro config size: default
[Model] Detected 18 unique species
[Model] Using Allegro config size: default
[Model] Mode: Prior + Allegro
[Model] Prior weights: {'bond': 0.5, 'angle': 0.25, 'dihedral': 0.25, 'repulsive': 1.0}
[Model] Mode: Prior + Allegro
[Model] Prior weights: {'bond': 0.5, 'angle': 0.25, 'dihedral': 0.25, 'repulsive': 1.0}
[Model] Mode: Prior + Allegro
[Model] Prior weights: {'bond': 0.5, 'angle': 0.25, 'dihedral': 0.25, 'repulsive': 1.0}
/p/software/default/stages/2025/software/jax/0.4.34-gpsfbf-2024a-CUDA-12/lib/python3.12/site-packages/jax/_src/ops/scatter.py:92: FutureWarning: scatter inputs have incompatible types: cannot safely cast value from dtype=float32 to dtype=int32 with jax_numpy_dtype_promotion='standard'. In future JAX releases this will result in an error.
  warnings.warn(
/p/software/default/stages/2025/software/jax/0.4.34-gpsfbf-2024a-CUDA-12/lib/python3.12/site-packages/jax/_src/ops/scatter.py:92: FutureWarning: scatter inputs have incompatible types: cannot safely cast value from dtype=float32 to dtype=int32 with jax_numpy_dtype_promotion='standard'. In future JAX releases this will result in an error.
  warnings.warn(
/p/software/default/stages/2025/software/jax/0.4.34-gpsfbf-2024a-CUDA-12/lib/python3.12/site-packages/jax/_src/ops/scatter.py:92: FutureWarning: scatter inputs have incompatible types: cannot safely cast value from dtype=float32 to dtype=int32 with jax_numpy_dtype_promotion='standard'. In future JAX releases this will result in an error.
  warnings.warn(
/p/software/default/stages/2025/software/jax/0.4.34-gpsfbf-2024a-CUDA-12/lib/python3.12/site-packages/jax/_src/numpy/lax_numpy.py:183: UserWarning: Explicitly requested dtype float64 requested in asarray is not available, and will be truncated to dtype float32. To enable more dtypes, set the jax_enable_x64 configuration option or the JAX_ENABLE_X64 shell environment variable. See https://github.com/jax-ml/jax#current-gotchas for more.
  return asarray(x, dtype=self.dtype)
/p/software/default/stages/2025/software/jax/0.4.34-gpsfbf-2024a-CUDA-12/lib/python3.12/site-packages/jax/_src/numpy/reductions.py:213: UserWarning: Explicitly requested dtype <class 'jax.numpy.float64'> requested in sum is not available, and will be truncated to dtype float32. To enable more dtypes, set the jax_enable_x64 configuration option or the JAX_ENABLE_X64 shell environment variable. See https://github.com/jax-ml/jax#current-gotchas for more.
  return _reduction(a, "sum", np.sum, lax.add, 0, preproc=_cast_to_numeric,
/p/software/default/stages/2025/software/jax/0.4.34-gpsfbf-2024a-CUDA-12/lib/python3.12/site-packages/jax/_src/ops/scatter.py:92: FutureWarning: scatter inputs have incompatible types: cannot safely cast value from dtype=float32 to dtype=int32 with jax_numpy_dtype_promotion='standard'. In future JAX releases this will result in an error.
  warnings.warn(
/p/software/default/stages/2025/software/jax/0.4.34-gpsfbf-2024a-CUDA-12/lib/python3.12/site-packages/jax/_src/ops/scatter.py:92: FutureWarning: scatter inputs have incompatible types: cannot safely cast value from dtype=float32 to dtype=int32 with jax_numpy_dtype_promotion='standard'. In future JAX releases this will result in an error.
  warnings.warn(
/p/software/default/stages/2025/software/jax/0.4.34-gpsfbf-2024a-CUDA-12/lib/python3.12/site-packages/jax/_src/ops/scatter.py:92: FutureWarning: scatter inputs have incompatible types: cannot safely cast value from dtype=float32 to dtype=int32 with jax_numpy_dtype_promotion='standard'. In future JAX releases this will result in an error.
  warnings.warn(
/p/software/default/stages/2025/software/jax/0.4.34-gpsfbf-2024a-CUDA-12/lib/python3.12/site-packages/jax/_src/ops/scatter.py:92: FutureWarning: scatter inputs have incompatible types: cannot safely cast value from dtype=float32 to dtype=int32 with jax_numpy_dtype_promotion='standard'. In future JAX releases this will result in an error.
  warnings.warn(
/p/software/default/stages/2025/software/jax/0.4.34-gpsfbf-2024a-CUDA-12/lib/python3.12/site-packages/jax/_src/numpy/lax_numpy.py:183: UserWarning: Explicitly requested dtype float64 requested in asarray is not available, and will be truncated to dtype float32. To enable more dtypes, set the jax_enable_x64 configuration option or the JAX_ENABLE_X64 shell environment variable. See https://github.com/jax-ml/jax#current-gotchas for more.
  return asarray(x, dtype=self.dtype)
/p/software/default/stages/2025/software/jax/0.4.34-gpsfbf-2024a-CUDA-12/lib/python3.12/site-packages/jax/_src/numpy/reductions.py:213: UserWarning: Explicitly requested dtype <class 'jax.numpy.float64'> requested in sum is not available, and will be truncated to dtype float32. To enable more dtypes, set the jax_enable_x64 configuration option or the JAX_ENABLE_X64 shell environment variable. See https://github.com/jax-ml/jax#current-gotchas for more.
  return _reduction(a, "sum", np.sum, lax.add, 0, preproc=_cast_to_numeric,
/p/software/default/stages/2025/software/jax/0.4.34-gpsfbf-2024a-CUDA-12/lib/python3.12/site-packages/jax/_src/ops/scatter.py:92: FutureWarning: scatter inputs have incompatible types: cannot safely cast value from dtype=float32 to dtype=int32 with jax_numpy_dtype_promotion='standard'. In future JAX releases this will result in an error.
  warnings.warn(
/p/software/default/stages/2025/software/jax/0.4.34-gpsfbf-2024a-CUDA-12/lib/python3.12/site-packages/jax/_src/ops/scatter.py:92: FutureWarning: scatter inputs have incompatible types: cannot safely cast value from dtype=float32 to dtype=int32 with jax_numpy_dtype_promotion='standard'. In future JAX releases this will result in an error.
  warnings.warn(
/p/software/default/stages/2025/software/jax/0.4.34-gpsfbf-2024a-CUDA-12/lib/python3.12/site-packages/jax/_src/numpy/lax_numpy.py:183: UserWarning: Explicitly requested dtype float64 requested in asarray is not available, and will be truncated to dtype float32. To enable more dtypes, set the jax_enable_x64 configuration option or the JAX_ENABLE_X64 shell environment variable. See https://github.com/jax-ml/jax#current-gotchas for more.
  return asarray(x, dtype=self.dtype)
/p/software/default/stages/2025/software/jax/0.4.34-gpsfbf-2024a-CUDA-12/lib/python3.12/site-packages/jax/_src/numpy/reductions.py:213: UserWarning: Explicitly requested dtype <class 'jax.numpy.float64'> requested in sum is not available, and will be truncated to dtype float32. To enable more dtypes, set the jax_enable_x64 configuration option or the JAX_ENABLE_X64 shell environment variable. See https://github.com/jax-ml/jax#current-gotchas for more.
  return _reduction(a, "sum", np.sum, lax.add, 0, preproc=_cast_to_numeric,
[Training] Initialized model with seed=193749
[Training] Applied NumpyDataLoader patch
[Training] 
============================================================
[Training] Training Stage: ADABELIEF (3 epochs, starting from 0)
[Training] ============================================================
/p/project1/cameo/schmidt36/chemtrain-deploy/external/chemtrain/chemtrain/trainers/base.py:957: UserWarning: Batch size 192 does not divide the number of observations 2250. Trainer will skip 138 samples for state training
  warnings.warn(
/p/project1/cameo/schmidt36/chemtrain-deploy/external/chemtrain/chemtrain/trainers/base.py:957: UserWarning: Batch size 192 does not divide the number of observations 250. Trainer will skip 58 samples for state validation
  warnings.warn(
[Training] Initialized model with seed=193749
[Training] Applied NumpyDataLoader patch
[Training] 
============================================================
[Training] Training Stage: ADABELIEF (3 epochs, starting from 0)
[Training] ============================================================
[Training] Initialized model with seed=193749
[Training] Applied NumpyDataLoader patch
[Training] 
============================================================
[Training] Training Stage: ADABELIEF (3 epochs, starting from 0)
[Training] ============================================================
/p/project1/cameo/schmidt36/chemtrain-deploy/external/chemtrain/chemtrain/trainers/base.py:957: UserWarning: Batch size 192 does not divide the number of observations 2250. Trainer will skip 138 samples for state training
  warnings.warn(
/p/project1/cameo/schmidt36/chemtrain-deploy/external/chemtrain/chemtrain/trainers/base.py:957: UserWarning: Batch size 192 does not divide the number of observations 250. Trainer will skip 58 samples for state validation
  warnings.warn(
/p/project1/cameo/schmidt36/chemtrain-deploy/external/chemtrain/chemtrain/trainers/base.py:957: UserWarning: Batch size 192 does not divide the number of observations 2250. Trainer will skip 138 samples for state training
  warnings.warn(
/p/project1/cameo/schmidt36/chemtrain-deploy/external/chemtrain/chemtrain/trainers/base.py:957: UserWarning: Batch size 192 does not divide the number of observations 250. Trainer will skip 58 samples for state validation
  warnings.warn(
[Scaling] Node 2/3: local_device_ids = [0, 1, 2, 3]
[Scaling] Node 2: CUDA_VISIBLE_DEVICES = 0,1,2,3
[Scaling] Coordinator: jwb0538.juwels:29537
[Scaling] Actual processes: 3
[Rank 2/3] JAX distributed initialized
[Rank 2] Local GPUs: 4, Total GPUs: 12
[Rank 2] Local devices: [CudaDevice(id=8), CudaDevice(id=9), CudaDevice(id=10), CudaDevice(id=11)]
[Rank 2] All devices: [CudaDevice(id=0), CudaDevice(id=1), CudaDevice(id=2), CudaDevice(id=3), CudaDevice(id=4), CudaDevice(id=5), CudaDevice(id=6), CudaDevice(id=7), CudaDevice(id=8), CudaDevice(id=9), CudaDevice(id=10), CudaDevice(id=11)]
============================================================
SCALING TEST
============================================================
Devices: 12
Distributed: True
Rank: 2/3
Local devices: 4
Global devices: 12
============================================================
Capping edges and triplets. Beware of overflow, which is currently not being detected.
Estimated max. 900 edges.
[Allegro] Use two atom species for oxygen and hydroge.
[Scaling] Node 0/3: local_device_ids = [0, 1, 2, 3]
[Scaling] Node 0: CUDA_VISIBLE_DEVICES = 0,1,2,3
[Scaling] Coordinator: jwb0538.juwels:29537
[Scaling] Actual processes: 3
[Rank 0/3] JAX distributed initialized
[Rank 0] Local GPUs: 4, Total GPUs: 12
[Rank 0] Local devices: [CudaDevice(id=0), CudaDevice(id=1), CudaDevice(id=2), CudaDevice(id=3)]
[Rank 0] All devices: [CudaDevice(id=0), CudaDevice(id=1), CudaDevice(id=2), CudaDevice(id=3), CudaDevice(id=4), CudaDevice(id=5), CudaDevice(id=6), CudaDevice(id=7), CudaDevice(id=8), CudaDevice(id=9), CudaDevice(id=10), CudaDevice(id=11)]
============================================================
SCALING TEST
============================================================
Devices: 12
Distributed: True
Rank: 0/3
Local devices: 4
Global devices: 12
============================================================
Capping edges and triplets. Beware of overflow, which is currently not being detected.
Estimated max. 900 edges.
[Allegro] Use default mask
Use a custom scatter implementation
Out irreps 300x0e+556x1o+256x1e+556x2e+384x2o+512x3o+256x3e
Irreps after layer are 128x1o+128x1e+128x2e+128x2o+128x3o+128x3e
Use a custom scatter implementation
Out irreps 256x0e+768x1o+896x2e
Irreps after layer are 128x1o+128x2e
Use a custom scatter implementation
Out irreps 256x0e
Irreps after layer are Irreps()

============================================================
TRAINING WITH TIMING
============================================================
[Allegro] Use two atom species for oxygen and hydroge.
[Allegro] Use default mask
Use a custom scatter implementation
Out irreps 300x0e+556x1o+256x1e+556x2e+384x2o+512x3o+256x3e
Irreps after layer are 128x1o+128x1e+128x2e+128x2o+128x3o+128x3e
Use a custom scatter implementation
Out irreps 256x0e+768x1o+896x2e
Irreps after layer are 128x1o+128x2e
Use a custom scatter implementation
Out irreps 256x0e
Irreps after layer are Irreps()

============================================================
TRAINING WITH TIMING
============================================================
[Scaling] Node 1/3: local_device_ids = [0, 1, 2, 3]
[Scaling] Node 1: CUDA_VISIBLE_DEVICES = 0,1,2,3
[Scaling] Coordinator: jwb0538.juwels:29537
[Scaling] Actual processes: 3
[Rank 1/3] JAX distributed initialized
[Rank 1] Local GPUs: 4, Total GPUs: 12
[Rank 1] Local devices: [CudaDevice(id=4), CudaDevice(id=5), CudaDevice(id=6), CudaDevice(id=7)]
[Rank 1] All devices: [CudaDevice(id=0), CudaDevice(id=1), CudaDevice(id=2), CudaDevice(id=3), CudaDevice(id=4), CudaDevice(id=5), CudaDevice(id=6), CudaDevice(id=7), CudaDevice(id=8), CudaDevice(id=9), CudaDevice(id=10), CudaDevice(id=11)]
============================================================
SCALING TEST
============================================================
Devices: 12
Distributed: True
Rank: 1/3
Local devices: 4
Global devices: 12
============================================================
Capping edges and triplets. Beware of overflow, which is currently not being detected.
Estimated max. 900 edges.
[Allegro] Use two atom species for oxygen and hydroge.
[Allegro] Use default mask
Use a custom scatter implementation
Out irreps 300x0e+556x1o+256x1e+556x2e+384x2o+512x3o+256x3e
Irreps after layer are 128x1o+128x1e+128x2e+128x2o+128x3o+128x3e
Use a custom scatter implementation
Out irreps 256x0e+768x1o+896x2e
Irreps after layer are 128x1o+128x2e
Use a custom scatter implementation
Out irreps 256x0e
Irreps after layer are Irreps()

============================================================
TRAINING WITH TIMING
============================================================
[Allegro] Use two atom species for oxygen and hydroge.
[Allegro] Use default mask
[Allegro] Use two atom species for oxygen and hydroge.
[Allegro] Use two atom species for oxygen and hydroge.
[Allegro] Use default mask
[Allegro] Use default mask
Use a custom scatter implementation
/p/software/default/stages/2025/software/jax/0.4.34-gpsfbf-2024a-CUDA-12/lib/python3.12/site-packages/jax/_src/ops/scatter.py:92: FutureWarning: scatter inputs have incompatible types: cannot safely cast value from dtype=float32 to dtype=int32 with jax_numpy_dtype_promotion='standard'. In future JAX releases this will result in an error.
  warnings.warn(
Out irreps 300x0e+556x1o+256x1e+556x2e+384x2o+512x3o+256x3e
Irreps after layer are 128x1o+128x1e+128x2e+128x2o+128x3o+128x3e
Use a custom scatter implementation
/p/software/default/stages/2025/software/jax/0.4.34-gpsfbf-2024a-CUDA-12/lib/python3.12/site-packages/jax/_src/ops/scatter.py:92: FutureWarning: scatter inputs have incompatible types: cannot safely cast value from dtype=float32 to dtype=int32 with jax_numpy_dtype_promotion='standard'. In future JAX releases this will result in an error.
  warnings.warn(
Use a custom scatter implementation
Use a custom scatter implementation
/p/software/default/stages/2025/software/jax/0.4.34-gpsfbf-2024a-CUDA-12/lib/python3.12/site-packages/jax/_src/ops/scatter.py:92: FutureWarning: scatter inputs have incompatible types: cannot safely cast value from dtype=float32 to dtype=int32 with jax_numpy_dtype_promotion='standard'. In future JAX releases this will result in an error.
  warnings.warn(
/p/software/default/stages/2025/software/jax/0.4.34-gpsfbf-2024a-CUDA-12/lib/python3.12/site-packages/jax/_src/ops/scatter.py:92: FutureWarning: scatter inputs have incompatible types: cannot safely cast value from dtype=float32 to dtype=int32 with jax_numpy_dtype_promotion='standard'. In future JAX releases this will result in an error.
  warnings.warn(
Out irreps 256x0e+768x1o+896x2e
Irreps after layer are 128x1o+128x2e
Out irreps 300x0e+556x1o+256x1e+556x2e+384x2o+512x3o+256x3e
Out irreps 300x0e+556x1o+256x1e+556x2e+384x2o+512x3o+256x3e
Use a custom scatter implementation
/p/software/default/stages/2025/software/jax/0.4.34-gpsfbf-2024a-CUDA-12/lib/python3.12/site-packages/jax/_src/ops/scatter.py:92: FutureWarning: scatter inputs have incompatible types: cannot safely cast value from dtype=float32 to dtype=int32 with jax_numpy_dtype_promotion='standard'. In future JAX releases this will result in an error.
  warnings.warn(
Out irreps 256x0e
Irreps after layer are Irreps()
/p/software/default/stages/2025/software/jax/0.4.34-gpsfbf-2024a-CUDA-12/lib/python3.12/site-packages/jax/_src/numpy/lax_numpy.py:183: UserWarning: Explicitly requested dtype float64 requested in asarray is not available, and will be truncated to dtype float32. To enable more dtypes, set the jax_enable_x64 configuration option or the JAX_ENABLE_X64 shell environment variable. See https://github.com/jax-ml/jax#current-gotchas for more.
  return asarray(x, dtype=self.dtype)
/p/software/default/stages/2025/software/jax/0.4.34-gpsfbf-2024a-CUDA-12/lib/python3.12/site-packages/jax/_src/numpy/reductions.py:213: UserWarning: Explicitly requested dtype <class 'jax.numpy.float64'> requested in sum is not available, and will be truncated to dtype float32. To enable more dtypes, set the jax_enable_x64 configuration option or the JAX_ENABLE_X64 shell environment variable. See https://github.com/jax-ml/jax#current-gotchas for more.
  return _reduction(a, "sum", np.sum, lax.add, 0, preproc=_cast_to_numeric,
Irreps after layer are 128x1o+128x1e+128x2e+128x2o+128x3o+128x3e
Irreps after layer are 128x1o+128x1e+128x2e+128x2o+128x3o+128x3e
Use a custom scatter implementation
/p/software/default/stages/2025/software/jax/0.4.34-gpsfbf-2024a-CUDA-12/lib/python3.12/site-packages/jax/_src/ops/scatter.py:92: FutureWarning: scatter inputs have incompatible types: cannot safely cast value from dtype=float32 to dtype=int32 with jax_numpy_dtype_promotion='standard'. In future JAX releases this will result in an error.
  warnings.warn(
Out irreps 256x0e+768x1o+896x2e
Irreps after layer are 128x1o+128x2e
Use a custom scatter implementation
/p/software/default/stages/2025/software/jax/0.4.34-gpsfbf-2024a-CUDA-12/lib/python3.12/site-packages/jax/_src/ops/scatter.py:92: FutureWarning: scatter inputs have incompatible types: cannot safely cast value from dtype=float32 to dtype=int32 with jax_numpy_dtype_promotion='standard'. In future JAX releases this will result in an error.
  warnings.warn(
Out irreps 256x0e
Irreps after layer are Irreps()
/p/software/default/stages/2025/software/jax/0.4.34-gpsfbf-2024a-CUDA-12/lib/python3.12/site-packages/jax/_src/numpy/lax_numpy.py:183: UserWarning: Explicitly requested dtype float64 requested in asarray is not available, and will be truncated to dtype float32. To enable more dtypes, set the jax_enable_x64 configuration option or the JAX_ENABLE_X64 shell environment variable. See https://github.com/jax-ml/jax#current-gotchas for more.
  return asarray(x, dtype=self.dtype)
/p/software/default/stages/2025/software/jax/0.4.34-gpsfbf-2024a-CUDA-12/lib/python3.12/site-packages/jax/_src/numpy/reductions.py:213: UserWarning: Explicitly requested dtype <class 'jax.numpy.float64'> requested in sum is not available, and will be truncated to dtype float32. To enable more dtypes, set the jax_enable_x64 configuration option or the JAX_ENABLE_X64 shell environment variable. See https://github.com/jax-ml/jax#current-gotchas for more.
  return _reduction(a, "sum", np.sum, lax.add, 0, preproc=_cast_to_numeric,
Use a custom scatter implementation
/p/software/default/stages/2025/software/jax/0.4.34-gpsfbf-2024a-CUDA-12/lib/python3.12/site-packages/jax/_src/ops/scatter.py:92: FutureWarning: scatter inputs have incompatible types: cannot safely cast value from dtype=float32 to dtype=int32 with jax_numpy_dtype_promotion='standard'. In future JAX releases this will result in an error.
  warnings.warn(
Out irreps 256x0e+768x1o+896x2e
Irreps after layer are 128x1o+128x2e
Use a custom scatter implementation
/p/software/default/stages/2025/software/jax/0.4.34-gpsfbf-2024a-CUDA-12/lib/python3.12/site-packages/jax/_src/ops/scatter.py:92: FutureWarning: scatter inputs have incompatible types: cannot safely cast value from dtype=float32 to dtype=int32 with jax_numpy_dtype_promotion='standard'. In future JAX releases this will result in an error.
  warnings.warn(
Out irreps 256x0e
Irreps after layer are Irreps()
/p/software/default/stages/2025/software/jax/0.4.34-gpsfbf-2024a-CUDA-12/lib/python3.12/site-packages/jax/_src/numpy/lax_numpy.py:183: UserWarning: Explicitly requested dtype float64 requested in asarray is not available, and will be truncated to dtype float32. To enable more dtypes, set the jax_enable_x64 configuration option or the JAX_ENABLE_X64 shell environment variable. See https://github.com/jax-ml/jax#current-gotchas for more.
  return asarray(x, dtype=self.dtype)
/p/software/default/stages/2025/software/jax/0.4.34-gpsfbf-2024a-CUDA-12/lib/python3.12/site-packages/jax/_src/numpy/reductions.py:213: UserWarning: Explicitly requested dtype <class 'jax.numpy.float64'> requested in sum is not available, and will be truncated to dtype float32. To enable more dtypes, set the jax_enable_x64 configuration option or the JAX_ENABLE_X64 shell environment variable. See https://github.com/jax-ml/jax#current-gotchas for more.
  return _reduction(a, "sum", np.sum, lax.add, 0, preproc=_cast_to_numeric,
[Force] Found precomputed forces.
[Force] Found precomputed forces.
[Force] Found precomputed forces.
[Force] Found precomputed forces.
[Force] Found precomputed forces.
[Force] Found precomputed forces.
[Epoch 0]:
	Average train loss: 268.77362
	Average val loss: 94.01174926757812
	Gradient norm: 44.380157470703125
	Elapsed time = 1.402 min
	Per-target losses:
		F | train loss: 268.7736164439808 | val loss: 94.01174926757812
[Epoch 0]:
	Average train loss: 268.77362
	Average val loss: 94.01174926757812
	Gradient norm: 44.380157470703125
	Elapsed time = 1.387 min
	Per-target losses:
		F | train loss: 268.7736164439808 | val loss: 94.01174926757812
[Epoch 0]:
	Average train loss: 268.77362
	Average val loss: 94.01174926757812
	Gradient norm: 44.380157470703125
	Elapsed time = 1.380 min
	Per-target losses:
		F | train loss: 268.7736164439808 | val loss: 94.01174926757812



[Epoch 1]:
	Average train loss: 90.96194
	Average val loss: 90.2943115234375
	Gradient norm: 8.706433296203613
	Elapsed time = 0.329 min
	Per-target losses:
		F | train loss: 90.96194319291548 | val loss: 90.2943115234375
[Epoch 1]:
	Average train loss: 90.96194
	Average val loss: 90.2943115234375
	Gradient norm: 8.706433296203613
	Elapsed time = 0.329 min
	Per-target losses:
		F | train loss: 90.96194319291548 | val loss: 90.2943115234375
[Epoch 1]:
	Average train loss: 90.96194
	Average val loss: 90.2943115234375
	Gradient norm: 8.706433296203613
	Elapsed time = 0.329 min
	Per-target losses:
		F | train loss: 90.96194319291548 | val loss: 90.2943115234375



[Epoch 2]:
	Average train loss: 87.42061
	Average val loss: 88.67547607421875
	Gradient norm: 5.559230804443359
	Elapsed time = 0.328 min
	Per-target losses:
		F | train loss: 87.42061406915838 | val loss: 88.67547607421875
[Epoch 2]:
	Average train loss: 87.42061
	Average val loss: 88.67547607421875
	Gradient norm: 5.559230804443359
	Elapsed time = 0.328 min
	Per-target losses:
		F | train loss: 87.42061406915838 | val loss: 88.67547607421875
[Epoch 2]:
	Average train loss: 87.42061
	Average val loss: 88.67547607421875
	Gradient norm: 5.559230804443359
	Elapsed time = 0.328 min
	Per-target losses:
		F | train loss: 87.42061406915838 | val loss: 88.67547607421875



[Training] 
Stage complete: train_loss=87.420614, val_loss=88.675476
[Training] 
Stage complete: train_loss=87.420614, val_loss=88.675476

Total training time: 144.77s

============================================================
SCALING TEST COMPLETE
============================================================
[Training] 
Stage complete: train_loss=87.420614, val_loss=88.675476

Total training time: 145.69s

============================================================
SCALING TEST COMPLETE
============================================================

Total training time: 144.37s
Timing data saved to: /p/project1/cameo/schmidt36/chemtrain-deploy/external/chemtrain/clean_code_base/scaling_results/run_20260202_150203/timing_12dev_13191137_12dev.json

============================================================
SCALING TEST COMPLETE
============================================================
  Total time: 181.737791302s
  Throughput: 37.14 samples/s
  Done with 12 devices

============================================================
Scaling test complete for devices 9-12
Results saved to: /p/project1/cameo/schmidt36/chemtrain-deploy/external/chemtrain/clean_code_base/scaling_results/run_20260202_150203/timing_job_13191137.csv
============================================================
