============================================================
Scaling Test Worker (Fixed)
============================================================
Job ID:         13193605
Nodes:          5
Mode:           multi
Config:         /p/project1/cameo/schmidt36/chemtrain-deploy/external/chemtrain/clean_code_base/scripts/config_scaling_test.yaml
Output dir:     /p/project1/cameo/schmidt36/chemtrain-deploy/external/chemtrain/clean_code_base/scaling_results/run_20260202_222030
============================================================

============================================================
Multi-node scaling test: 5 nodes, 20 devices
============================================================
  Running training on 5 nodes...
/p/project1/cameo/schmidt36/clean_booster_env/bin/python3: can't open file '/p/project1/cameo/schmidt36/chemtrain-deploy/external/chemtrain/clean_code_base/scripts/scripts/train_scaling_fixed.py': [Errno 2] No such file or directory
/p/project1/cameo/schmidt36/clean_booster_env/bin/python3: can't open file '/p/project1/cameo/schmidt36/chemtrain-deploy/external/chemtrain/clean_code_base/scripts/scripts/train_scaling_fixed.py': [Errno 2] No such file or directory
srun: error: jwb0832: task 2: Exited with exit code 2
srun: error: jwb1080: task 4: Terminated
srun: error: jwb0999: task 3: Terminated
srun: error: jwb0582: task 1: Terminated
srun: error: jwb0570: task 0: Exited with exit code 2
srun: Force Terminated StepId=13193605.0
  Total time: 1.518575882s
  Throughput: 17779.81 samples/s

============================================================
Scaling test complete
Results saved to: /p/project1/cameo/schmidt36/chemtrain-deploy/external/chemtrain/clean_code_base/scaling_results/run_20260202_222030/timing_job_13193605.csv
============================================================
