============================================================
Scaling Test Worker (Fixed)
============================================================
Job ID:         13193600
Nodes:          1
Mode:           single
Config:         /p/project1/cameo/schmidt36/chemtrain-deploy/external/chemtrain/clean_code_base/scripts/config_scaling_test.yaml
Output dir:     /p/project1/cameo/schmidt36/chemtrain-deploy/external/chemtrain/clean_code_base/scaling_results/run_20260202_222030
============================================================

============================================================
Single-node scaling tests (1-4 devices)
============================================================

------------------------------------------------------------
Testing with 1 device(s)...
------------------------------------------------------------
  CUDA_VISIBLE_DEVICES=0
  Running training...
python3: can't open file '/p/project1/cameo/schmidt36/chemtrain-deploy/external/chemtrain/clean_code_base/scripts/scripts/train_scaling_fixed.py': [Errno 2] No such file or directory
  Total time: .064286618s
  Throughput: 419994.09 samples/s

------------------------------------------------------------
Testing with 2 device(s)...
------------------------------------------------------------
  CUDA_VISIBLE_DEVICES=0,1
  Running training...
python3: can't open file '/p/project1/cameo/schmidt36/chemtrain-deploy/external/chemtrain/clean_code_base/scripts/scripts/train_scaling_fixed.py': [Errno 2] No such file or directory
  Total time: .065341994s
  Throughput: 413210.53 samples/s

------------------------------------------------------------
Testing with 3 device(s)...
------------------------------------------------------------
  CUDA_VISIBLE_DEVICES=0,1,2
  Running training...
python3: can't open file '/p/project1/cameo/schmidt36/chemtrain-deploy/external/chemtrain/clean_code_base/scripts/scripts/train_scaling_fixed.py': [Errno 2] No such file or directory
  Total time: .063596115s
  Throughput: 424554.23 samples/s

------------------------------------------------------------
Testing with 4 device(s)...
------------------------------------------------------------
  CUDA_VISIBLE_DEVICES=0,1,2,3
  Running training...
python3: can't open file '/p/project1/cameo/schmidt36/chemtrain-deploy/external/chemtrain/clean_code_base/scripts/scripts/train_scaling_fixed.py': [Errno 2] No such file or directory
  Total time: .064204497s
  Throughput: 420531.29 samples/s

============================================================
Scaling test complete
Results saved to: /p/project1/cameo/schmidt36/chemtrain-deploy/external/chemtrain/clean_code_base/scaling_results/run_20260202_222030/timing_job_13193600.csv
============================================================
