============================================================
Scaling Test Worker (Fixed)
============================================================
Job ID:         13192057
Nodes:          2
Mode:           multi
Config:         /p/project1/cameo/schmidt36/chemtrain-deploy/external/chemtrain/clean_code_base/scripts/config_scaling_test.yaml
Output dir:     /p/project1/cameo/schmidt36/chemtrain-deploy/external/chemtrain/clean_code_base/scaling_results/run_20260202_172828
============================================================

============================================================
Multi-node scaling test: 2 nodes, 8 devices
============================================================
  Running training on 2 nodes...
[Model] Using Allegro size: default
[Model] Using Allegro size: default
[Model] Detected 18 unique species
[Model] Using Allegro config size: default
[Model] Detected 18 unique species
[Model] Using Allegro config size: default
[Model] Mode: Prior + Allegro
[Model] Prior weights: {'bond': 0.5, 'angle': 0.25, 'dihedral': 0.25, 'repulsive': 1.0}
[Model] Mode: Prior + Allegro
[Model] Prior weights: {'bond': 0.5, 'angle': 0.25, 'dihedral': 0.25, 'repulsive': 1.0}
/p/software/default/stages/2025/software/jax/0.4.34-gpsfbf-2024a-CUDA-12/lib/python3.12/site-packages/jax/_src/ops/scatter.py:92: FutureWarning: scatter inputs have incompatible types: cannot safely cast value from dtype=float32 to dtype=int32 with jax_numpy_dtype_promotion='standard'. In future JAX releases this will result in an error.
  warnings.warn(
/p/software/default/stages/2025/software/jax/0.4.34-gpsfbf-2024a-CUDA-12/lib/python3.12/site-packages/jax/_src/ops/scatter.py:92: FutureWarning: scatter inputs have incompatible types: cannot safely cast value from dtype=float32 to dtype=int32 with jax_numpy_dtype_promotion='standard'. In future JAX releases this will result in an error.
  warnings.warn(
/p/software/default/stages/2025/software/jax/0.4.34-gpsfbf-2024a-CUDA-12/lib/python3.12/site-packages/jax/_src/ops/scatter.py:92: FutureWarning: scatter inputs have incompatible types: cannot safely cast value from dtype=float32 to dtype=int32 with jax_numpy_dtype_promotion='standard'. In future JAX releases this will result in an error.
  warnings.warn(
/p/software/default/stages/2025/software/jax/0.4.34-gpsfbf-2024a-CUDA-12/lib/python3.12/site-packages/jax/_src/ops/scatter.py:92: FutureWarning: scatter inputs have incompatible types: cannot safely cast value from dtype=float32 to dtype=int32 with jax_numpy_dtype_promotion='standard'. In future JAX releases this will result in an error.
  warnings.warn(
/p/software/default/stages/2025/software/jax/0.4.34-gpsfbf-2024a-CUDA-12/lib/python3.12/site-packages/jax/_src/ops/scatter.py:92: FutureWarning: scatter inputs have incompatible types: cannot safely cast value from dtype=float32 to dtype=int32 with jax_numpy_dtype_promotion='standard'. In future JAX releases this will result in an error.
  warnings.warn(
/p/software/default/stages/2025/software/jax/0.4.34-gpsfbf-2024a-CUDA-12/lib/python3.12/site-packages/jax/_src/ops/scatter.py:92: FutureWarning: scatter inputs have incompatible types: cannot safely cast value from dtype=float32 to dtype=int32 with jax_numpy_dtype_promotion='standard'. In future JAX releases this will result in an error.
  warnings.warn(
/p/software/default/stages/2025/software/jax/0.4.34-gpsfbf-2024a-CUDA-12/lib/python3.12/site-packages/jax/_src/numpy/lax_numpy.py:183: UserWarning: Explicitly requested dtype float64 requested in asarray is not available, and will be truncated to dtype float32. To enable more dtypes, set the jax_enable_x64 configuration option or the JAX_ENABLE_X64 shell environment variable. See https://github.com/jax-ml/jax#current-gotchas for more.
  return asarray(x, dtype=self.dtype)
/p/software/default/stages/2025/software/jax/0.4.34-gpsfbf-2024a-CUDA-12/lib/python3.12/site-packages/jax/_src/numpy/reductions.py:213: UserWarning: Explicitly requested dtype <class 'jax.numpy.float64'> requested in sum is not available, and will be truncated to dtype float32. To enable more dtypes, set the jax_enable_x64 configuration option or the JAX_ENABLE_X64 shell environment variable. See https://github.com/jax-ml/jax#current-gotchas for more.
  return _reduction(a, "sum", np.sum, lax.add, 0, preproc=_cast_to_numeric,
/p/software/default/stages/2025/software/jax/0.4.34-gpsfbf-2024a-CUDA-12/lib/python3.12/site-packages/jax/_src/numpy/lax_numpy.py:183: UserWarning: Explicitly requested dtype float64 requested in asarray is not available, and will be truncated to dtype float32. To enable more dtypes, set the jax_enable_x64 configuration option or the JAX_ENABLE_X64 shell environment variable. See https://github.com/jax-ml/jax#current-gotchas for more.
  return asarray(x, dtype=self.dtype)
/p/software/default/stages/2025/software/jax/0.4.34-gpsfbf-2024a-CUDA-12/lib/python3.12/site-packages/jax/_src/numpy/reductions.py:213: UserWarning: Explicitly requested dtype <class 'jax.numpy.float64'> requested in sum is not available, and will be truncated to dtype float32. To enable more dtypes, set the jax_enable_x64 configuration option or the JAX_ENABLE_X64 shell environment variable. See https://github.com/jax-ml/jax#current-gotchas for more.
  return _reduction(a, "sum", np.sum, lax.add, 0, preproc=_cast_to_numeric,
[Training] Initialized model with seed=193749
[Training] Applied NumpyDataLoader patch
[Training] 
============================================================
[Training] Training Stage: ADABELIEF (3 epochs, starting from 0)
[Training] ============================================================
[Training] Initialized model with seed=193749
[Training] Applied NumpyDataLoader patch
[Training] 
============================================================
[Training] Training Stage: ADABELIEF (3 epochs, starting from 0)
[Training] ============================================================
/p/project1/cameo/schmidt36/chemtrain-deploy/external/chemtrain/chemtrain/trainers/base.py:957: UserWarning: Batch size 128 does not divide the number of observations 2250. Trainer will skip 74 samples for state training
  warnings.warn(
/p/project1/cameo/schmidt36/chemtrain-deploy/external/chemtrain/chemtrain/trainers/base.py:957: UserWarning: Batch size 128 does not divide the number of observations 250. Trainer will skip 122 samples for state validation
  warnings.warn(
/p/project1/cameo/schmidt36/chemtrain-deploy/external/chemtrain/chemtrain/trainers/base.py:957: UserWarning: Batch size 128 does not divide the number of observations 2250. Trainer will skip 74 samples for state training
  warnings.warn(
/p/project1/cameo/schmidt36/chemtrain-deploy/external/chemtrain/chemtrain/trainers/base.py:957: UserWarning: Batch size 128 does not divide the number of observations 250. Trainer will skip 122 samples for state validation
  warnings.warn(
[Scaling] Multi-node mode: process 1/2
[Scaling] CUDA_VISIBLE_DEVICES = 0,1,2,3
[Scaling] Coordinator: jwb0012.juwels:29457
[Rank 1/2] JAX distributed initialized
[Rank 1] Local GPUs: 4, Total GPUs: 8
[Rank 1] Local devices: [CudaDevice(id=4), CudaDevice(id=5), CudaDevice(id=6), CudaDevice(id=7)]
[Rank 1] All devices: [CudaDevice(id=0), CudaDevice(id=1), CudaDevice(id=2), CudaDevice(id=3), CudaDevice(id=4), CudaDevice(id=5), CudaDevice(id=6), CudaDevice(id=7)]
============================================================
SCALING TEST (FIXED)
============================================================
Expected devices: 8
Actual devices:   8
Distributed:      True
Rank:             1/2
Local devices:    4
============================================================
Capping edges and triplets. Beware of overflow, which is currently not being detected.
Estimated max. 900 edges.
[Allegro] Use two atom species for oxygen and hydroge.
[Allegro] Use default mask
Use a custom scatter implementation
Out irreps 300x0e+556x1o+256x1e+556x2e+384x2o+512x3o+256x3e
Irreps after layer are 128x1o+128x1e+128x2e+128x2o+128x3o+128x3e
Use a custom scatter implementation
Out irreps 256x0e+768x1o+896x2e
Irreps after layer are 128x1o+128x2e
Use a custom scatter implementation
Out irreps 256x0e
Irreps after layer are Irreps()

============================================================
TRAINING WITH TIMING
============================================================
[Allegro] Use two atom species for oxygen and hydroge.
[Allegro] Use default mask
[Scaling] Multi-node mode: process 0/2
[Scaling] CUDA_VISIBLE_DEVICES = 0,1,2,3
[Scaling] Coordinator: jwb0012.juwels:29457
[Rank 0/2] JAX distributed initialized
[Rank 0] Local GPUs: 4, Total GPUs: 8
[Rank 0] Local devices: [CudaDevice(id=0), CudaDevice(id=1), CudaDevice(id=2), CudaDevice(id=3)]
[Rank 0] All devices: [CudaDevice(id=0), CudaDevice(id=1), CudaDevice(id=2), CudaDevice(id=3), CudaDevice(id=4), CudaDevice(id=5), CudaDevice(id=6), CudaDevice(id=7)]
============================================================
SCALING TEST (FIXED)
============================================================
Expected devices: 8
Actual devices:   8
Distributed:      True
Rank:             0/2
Local devices:    4
============================================================
Capping edges and triplets. Beware of overflow, which is currently not being detected.
Estimated max. 900 edges.
[Allegro] Use two atom species for oxygen and hydroge.
[Allegro] Use default mask
Use a custom scatter implementation
Out irreps 300x0e+556x1o+256x1e+556x2e+384x2o+512x3o+256x3e
Irreps after layer are 128x1o+128x1e+128x2e+128x2o+128x3o+128x3e
Use a custom scatter implementation
Out irreps 256x0e+768x1o+896x2e
Irreps after layer are 128x1o+128x2e
Use a custom scatter implementation
Out irreps 256x0e
Irreps after layer are Irreps()

============================================================
TRAINING WITH TIMING
============================================================
[Allegro] Use two atom species for oxygen and hydroge.
[Allegro] Use default mask
Use a custom scatter implementation
Use a custom scatter implementation
/p/software/default/stages/2025/software/jax/0.4.34-gpsfbf-2024a-CUDA-12/lib/python3.12/site-packages/jax/_src/ops/scatter.py:92: FutureWarning: scatter inputs have incompatible types: cannot safely cast value from dtype=float32 to dtype=int32 with jax_numpy_dtype_promotion='standard'. In future JAX releases this will result in an error.
  warnings.warn(
/p/software/default/stages/2025/software/jax/0.4.34-gpsfbf-2024a-CUDA-12/lib/python3.12/site-packages/jax/_src/ops/scatter.py:92: FutureWarning: scatter inputs have incompatible types: cannot safely cast value from dtype=float32 to dtype=int32 with jax_numpy_dtype_promotion='standard'. In future JAX releases this will result in an error.
  warnings.warn(
Out irreps 300x0e+556x1o+256x1e+556x2e+384x2o+512x3o+256x3e
Out irreps 300x0e+556x1o+256x1e+556x2e+384x2o+512x3o+256x3e
Irreps after layer are 128x1o+128x1e+128x2e+128x2o+128x3o+128x3e
Irreps after layer are 128x1o+128x1e+128x2e+128x2o+128x3o+128x3e
Use a custom scatter implementation
/p/software/default/stages/2025/software/jax/0.4.34-gpsfbf-2024a-CUDA-12/lib/python3.12/site-packages/jax/_src/ops/scatter.py:92: FutureWarning: scatter inputs have incompatible types: cannot safely cast value from dtype=float32 to dtype=int32 with jax_numpy_dtype_promotion='standard'. In future JAX releases this will result in an error.
  warnings.warn(
Use a custom scatter implementation
/p/software/default/stages/2025/software/jax/0.4.34-gpsfbf-2024a-CUDA-12/lib/python3.12/site-packages/jax/_src/ops/scatter.py:92: FutureWarning: scatter inputs have incompatible types: cannot safely cast value from dtype=float32 to dtype=int32 with jax_numpy_dtype_promotion='standard'. In future JAX releases this will result in an error.
  warnings.warn(
Out irreps 256x0e+768x1o+896x2e
Out irreps 256x0e+768x1o+896x2e
Irreps after layer are 128x1o+128x2e
Irreps after layer are 128x1o+128x2e
Use a custom scatter implementation
/p/software/default/stages/2025/software/jax/0.4.34-gpsfbf-2024a-CUDA-12/lib/python3.12/site-packages/jax/_src/ops/scatter.py:92: FutureWarning: scatter inputs have incompatible types: cannot safely cast value from dtype=float32 to dtype=int32 with jax_numpy_dtype_promotion='standard'. In future JAX releases this will result in an error.
  warnings.warn(
Use a custom scatter implementation
/p/software/default/stages/2025/software/jax/0.4.34-gpsfbf-2024a-CUDA-12/lib/python3.12/site-packages/jax/_src/ops/scatter.py:92: FutureWarning: scatter inputs have incompatible types: cannot safely cast value from dtype=float32 to dtype=int32 with jax_numpy_dtype_promotion='standard'. In future JAX releases this will result in an error.
  warnings.warn(
Out irreps 256x0e
Out irreps 256x0e
Irreps after layer are Irreps()
Irreps after layer are Irreps()
/p/software/default/stages/2025/software/jax/0.4.34-gpsfbf-2024a-CUDA-12/lib/python3.12/site-packages/jax/_src/numpy/lax_numpy.py:183: UserWarning: Explicitly requested dtype float64 requested in asarray is not available, and will be truncated to dtype float32. To enable more dtypes, set the jax_enable_x64 configuration option or the JAX_ENABLE_X64 shell environment variable. See https://github.com/jax-ml/jax#current-gotchas for more.
  return asarray(x, dtype=self.dtype)
/p/software/default/stages/2025/software/jax/0.4.34-gpsfbf-2024a-CUDA-12/lib/python3.12/site-packages/jax/_src/numpy/reductions.py:213: UserWarning: Explicitly requested dtype <class 'jax.numpy.float64'> requested in sum is not available, and will be truncated to dtype float32. To enable more dtypes, set the jax_enable_x64 configuration option or the JAX_ENABLE_X64 shell environment variable. See https://github.com/jax-ml/jax#current-gotchas for more.
  return _reduction(a, "sum", np.sum, lax.add, 0, preproc=_cast_to_numeric,
/p/software/default/stages/2025/software/jax/0.4.34-gpsfbf-2024a-CUDA-12/lib/python3.12/site-packages/jax/_src/numpy/lax_numpy.py:183: UserWarning: Explicitly requested dtype float64 requested in asarray is not available, and will be truncated to dtype float32. To enable more dtypes, set the jax_enable_x64 configuration option or the JAX_ENABLE_X64 shell environment variable. See https://github.com/jax-ml/jax#current-gotchas for more.
  return asarray(x, dtype=self.dtype)
/p/software/default/stages/2025/software/jax/0.4.34-gpsfbf-2024a-CUDA-12/lib/python3.12/site-packages/jax/_src/numpy/reductions.py:213: UserWarning: Explicitly requested dtype <class 'jax.numpy.float64'> requested in sum is not available, and will be truncated to dtype float32. To enable more dtypes, set the jax_enable_x64 configuration option or the JAX_ENABLE_X64 shell environment variable. See https://github.com/jax-ml/jax#current-gotchas for more.
  return _reduction(a, "sum", np.sum, lax.add, 0, preproc=_cast_to_numeric,
[Force] Found precomputed forces.
[Force] Found precomputed forces.
[Force] Found precomputed forces.
[Force] Found precomputed forces.
[Epoch 0]:
	Average train loss: 206.04184
	Average val loss: 91.78065490722656
	Gradient norm: 27.173946380615234
	Elapsed time = 1.688 min
	Per-target losses:
		F | train loss: 206.04183600930605 | val loss: 91.78065490722656
[Epoch 0]:
	Average train loss: 206.04184
	Average val loss: 91.78065490722656
	Gradient norm: 27.173946380615234
	Elapsed time = 1.687 min
	Per-target losses:
		F | train loss: 206.04183600930605 | val loss: 91.78065490722656


[Epoch 1]:
	Average train loss: 88.52384
	Average val loss: 89.08915710449219
	Gradient norm: 5.673452377319336
	Elapsed time = 0.515 min
	Per-target losses:
		F | train loss: 88.52384051154641 | val loss: 89.08915710449219
[Epoch 1]:
	Average train loss: 88.52384
	Average val loss: 89.08915710449219
	Gradient norm: 5.673452377319336
	Elapsed time = 0.515 min
	Per-target losses:
		F | train loss: 88.52384051154641 | val loss: 89.08915710449219


[Epoch 2]:
	Average train loss: 85.99471
	Average val loss: 87.80928802490234
	Gradient norm: 6.6807451248168945
	Elapsed time = 0.514 min
	Per-target losses:
		F | train loss: 85.99471327837776 | val loss: 87.80928802490234

[Epoch 2]:
	Average train loss: 85.99471
	Average val loss: 87.80928802490234
	Gradient norm: 6.6807451248168945
	Elapsed time = 0.514 min
	Per-target losses:
		F | train loss: 85.99471327837776 | val loss: 87.80928802490234
[Training] 
Stage complete: train_loss=85.994713, val_loss=87.809288

[Training] 
Stage complete: train_loss=85.994713, val_loss=87.809288

Total training time: 185.40s

============================================================
SCALING TEST COMPLETE
============================================================

Total training time: 185.33s
Timing data saved to: /p/project1/cameo/schmidt36/chemtrain-deploy/external/chemtrain/clean_code_base/scaling_results/run_20260202_172828/timing_8dev_13192057_8dev.json

============================================================
SCALING TEST COMPLETE
============================================================
  Total time: 231.670250874s
  Throughput: 29.13 samples/s

============================================================
Scaling test complete
Results saved to: /p/project1/cameo/schmidt36/chemtrain-deploy/external/chemtrain/clean_code_base/scaling_results/run_20260202_172828/timing_job_13192057.csv
============================================================
